2017-07-14	PAP38	/usr/local/readmapper-v0.1/dbVIR/vfdbA_1_enterob	RBO
2017-07-14	PAP38	/usr/local/readmapper-v0.1/dbVIR/vfdbA_1_enterob	RBO
2017-07-14	PAP38	/usr/local/readmapper-v0.1/dbVIR/virDB_A_enterob	RBO
2017-08-01	PAP38	/usr/local/readmapper-v0.1/dbVIR/virDB_B_enterob	RBO
2017-08-01	PAP38	/usr/local/readmapper-v0.1/dbVIR/virDB_B_enterob	RBO
2017-08-03	BLSE66	/usr/local/readmapper-v0.1/dbVIR/virDB_B_enterob	RBO
2017-08-03	BLSE65	/usr/local/readmapper-v0.1/dbVIR/virDB_B_enterob	RBO
2017-08-03	BLSE60	/usr/local/readmapper-v0.1/dbVIR/virDB_B_enterob	RBO
2017-08-03	BLSE3	/usr/local/readmapper-v0.1/dbVIR/virDB_B_enterob	RBO
2017-08-03	BLSE2	/usr/local/readmapper-v0.1/dbVIR/virDB_B_enterob	RBO
2017-08-03	BLSE136	/usr/local/readmapper-v0.1/dbVIR/virDB_B_enterob	RBO
2017-08-03	BLSE130	/usr/local/readmapper-v0.1/dbVIR/virDB_B_enterob	RBO
2017-08-03	BLSE132	/usr/local/readmapper-v0.1/dbVIR/virDB_B_enterob	RBO
2017-08-03	BLSE9	/usr/local/readmapper-v0.1/dbVIR/virDB_B_enterob	RBO
2017-08-03	BLSE8	/usr/local/readmapper-v0.1/dbVIR/virDB_B_enterob	RBO
2017-08-03	BLSE139	/usr/local/readmapper-v0.1/dbVIR/virDB_B_enterob	RBO
2017-08-03	BLSE138	/usr/local/readmapper-v0.1/dbVIR/virDB_B_enterob	RBO
2017-08-03	BLSE93	/usr/local/readmapper-v0.1/dbVIR/virDB_B_enterob	RBO
2017-08-03	BLSE91	/usr/local/readmapper-v0.1/dbVIR/virDB_B_enterob	RBO
2017-08-03	BLSE97	/usr/local/readmapper-v0.1/dbVIR/virDB_B_enterob	RBO
2017-08-03	BLSE96	/usr/local/readmapper-v0.1/dbVIR/virDB_B_enterob	RBO
2017-08-03	BLSE13	/usr/local/readmapper-v0.1/dbVIR/virDB_B_enterob	RBO
2017-08-03	BLSE12	/usr/local/readmapper-v0.1/dbVIR/virDB_B_enterob	RBO
2017-08-03	BLSE11	/usr/local/readmapper-v0.1/dbVIR/virDB_B_enterob	RBO
2017-08-03	BLSE17	/usr/local/readmapper-v0.1/dbVIR/virDB_B_enterob	RBO
2017-08-03	BLSE16	/usr/local/readmapper-v0.1/dbVIR/virDB_B_enterob	RBO
2017-08-03	BLSE19	/usr/local/readmapper-v0.1/dbVIR/virDB_B_enterob	RBO
2017-08-03	BLSE18	/usr/local/readmapper-v0.1/dbVIR/virDB_B_enterob	RBO
2017-08-03	BLSE77	/usr/local/readmapper-v0.1/dbVIR/virDB_B_enterob	RBO
2017-08-03	BLSE76	/usr/local/readmapper-v0.1/dbVIR/virDB_B_enterob	RBO
2017-08-03	BLSE71	/usr/local/readmapper-v0.1/dbVIR/virDB_B_enterob	RBO
2017-08-03	BLSE73	/usr/local/readmapper-v0.1/dbVIR/virDB_B_enterob	RBO
2017-08-03	BLSE79	/usr/local/readmapper-v0.1/dbVIR/virDB_B_enterob	RBO
2017-08-03	BLSE78	/usr/local/readmapper-v0.1/dbVIR/virDB_B_enterob	RBO
2017-08-03	BLSE120	/usr/local/readmapper-v0.1/dbVIR/virDB_B_enterob	RBO
2017-08-03	BLSE44	/usr/local/readmapper-v0.1/dbVIR/virDB_B_enterob	RBO
2017-08-03	BLSE47	/usr/local/readmapper-v0.1/dbVIR/virDB_B_enterob	RBO
2017-08-03	BLSE48	/usr/local/readmapper-v0.1/dbVIR/virDB_B_enterob	RBO
2017-08-03	BLSE157	/usr/local/readmapper-v0.1/dbVIR/virDB_B_enterob	RBO
2017-08-03	BLSE156	/usr/local/readmapper-v0.1/dbVIR/virDB_B_enterob	RBO
2017-08-03	BLSE154	/usr/local/readmapper-v0.1/dbVIR/virDB_B_enterob	RBO
2017-08-03	BLSE153	/usr/local/readmapper-v0.1/dbVIR/virDB_B_enterob	RBO
2017-08-03	BLSE152	/usr/local/readmapper-v0.1/dbVIR/virDB_B_enterob	RBO
2017-08-03	BLSE151	/usr/local/readmapper-v0.1/dbVIR/virDB_B_enterob	RBO
2017-08-03	BLSE159	/usr/local/readmapper-v0.1/dbVIR/virDB_B_enterob	RBO
2017-08-03	BLSE158	/usr/local/readmapper-v0.1/dbVIR/virDB_B_enterob	RBO
2017-08-03	BLSE52	/usr/local/readmapper-v0.1/dbVIR/virDB_B_enterob	RBO
2017-08-03	BLSE145	/usr/local/readmapper-v0.1/dbVIR/virDB_B_enterob	RBO
2017-08-03	BLSE140	/usr/local/readmapper-v0.1/dbVIR/virDB_B_enterob	RBO
2017-08-03	BLSE141	/usr/local/readmapper-v0.1/dbVIR/virDB_B_enterob	RBO
2017-08-03	BLSE142	/usr/local/readmapper-v0.1/dbVIR/virDB_B_enterob	RBO
2017-08-03	BLSE143	/usr/local/readmapper-v0.1/dbVIR/virDB_B_enterob	RBO
2017-08-03	BLSE149	/usr/local/readmapper-v0.1/dbVIR/virDB_B_enterob	RBO
2017-08-03	BLSE29	/usr/local/readmapper-v0.1/dbVIR/virDB_B_enterob	RBO
2017-08-03	BLSE23	/usr/local/readmapper-v0.1/dbVIR/virDB_B_enterob	RBO
2017-08-03	BLSE20	/usr/local/readmapper-v0.1/dbVIR/virDB_B_enterob	RBO
2017-08-03	BLSE26	/usr/local/readmapper-v0.1/dbVIR/virDB_B_enterob	RBO
2017-08-03	BLSE24	/usr/local/readmapper-v0.1/dbVIR/virDB_B_enterob	RBO
2017-08-03	BLSE171	/usr/local/readmapper-v0.1/dbVIR/virDB_B_enterob	RBO
2017-08-03	BLSE170	/usr/local/readmapper-v0.1/dbVIR/virDB_B_enterob	RBO
2017-08-03	BLSE175	/usr/local/readmapper-v0.1/dbVIR/virDB_B_enterob	RBO
2017-08-03	BLSE174	/usr/local/readmapper-v0.1/dbVIR/virDB_B_enterob	RBO
2017-08-03	BLSE177	/usr/local/readmapper-v0.1/dbVIR/virDB_B_enterob	RBO
2017-08-03	BLSE176	/usr/local/readmapper-v0.1/dbVIR/virDB_B_enterob	RBO
2017-08-03	BLSE33	/usr/local/readmapper-v0.1/dbVIR/virDB_B_enterob	RBO
2017-08-03	BLSE37	/usr/local/readmapper-v0.1/dbVIR/virDB_B_enterob	RBO
2017-08-03	BLSE169	/usr/local/readmapper-v0.1/dbVIR/virDB_B_enterob	RBO
2017-08-03	BLSE166	/usr/local/readmapper-v0.1/dbVIR/virDB_B_enterob	RBO
2017-08-03	BLSE167	/usr/local/readmapper-v0.1/dbVIR/virDB_B_enterob	RBO
2017-08-03	BLSE163	/usr/local/readmapper-v0.1/dbVIR/virDB_B_enterob	RBO
2017-08-03	BLSE192	/usr/local/readmapper-v0.1/dbVIR/virDB_B_enterob	RBO
2017-08-03	BLSE191	/usr/local/readmapper-v0.1/dbVIR/virDB_B_enterob	RBO
2017-08-03	BLSE87	/usr/local/readmapper-v0.1/dbVIR/virDB_B_enterob	RBO
2017-08-03	BLSE197	/usr/local/readmapper-v0.1/dbVIR/virDB_B_enterob	RBO
2017-08-03	BLSE196	/usr/local/readmapper-v0.1/dbVIR/virDB_B_enterob	RBO
2017-08-03	BLSE194	/usr/local/readmapper-v0.1/dbVIR/virDB_B_enterob	RBO
2017-08-03	BLSE82	/usr/local/readmapper-v0.1/dbVIR/virDB_B_enterob	RBO
2017-08-03	BLSE118	/usr/local/readmapper-v0.1/dbVIR/virDB_B_enterob	RBO
2017-08-03	BLSE113	/usr/local/readmapper-v0.1/dbVIR/virDB_B_enterob	RBO
2017-08-03	BLSE111	/usr/local/readmapper-v0.1/dbVIR/virDB_B_enterob	RBO
2017-08-03	BLSE114	/usr/local/readmapper-v0.1/dbVIR/virDB_B_enterob	RBO
2017-08-03	BLSE182	/usr/local/readmapper-v0.1/dbVIR/virDB_B_enterob	RBO
2017-08-03	BLSE183	/usr/local/readmapper-v0.1/dbVIR/virDB_B_enterob	RBO
2017-08-03	BLSE185	/usr/local/readmapper-v0.1/dbVIR/virDB_B_enterob	RBO
2017-08-03	BLSE186	/usr/local/readmapper-v0.1/dbVIR/virDB_B_enterob	RBO
2017-08-03	BLSE187	/usr/local/readmapper-v0.1/dbVIR/virDB_B_enterob	RBO
2017-08-03	BLSE188	/usr/local/readmapper-v0.1/dbVIR/virDB_B_enterob	RBO
2017-08-03	BLSE189	/usr/local/readmapper-v0.1/dbVIR/virDB_B_enterob	RBO
2017-08-03	BLSE108	/usr/local/readmapper-v0.1/dbVIR/virDB_B_enterob	RBO
2017-08-03	BLSE109	/usr/local/readmapper-v0.1/dbVIR/virDB_B_enterob	RBO
2017-08-03	BLSE84	/usr/local/readmapper-v0.1/dbVIR/virDB_B_enterob	RBO
2017-08-03	BLSE85	/usr/local/readmapper-v0.1/dbVIR/virDB_B_enterob	RBO
2017-08-03	BLSE103	/usr/local/readmapper-v0.1/dbVIR/virDB_B_enterob	RBO
2017-08-03	BLSE105	/usr/local/readmapper-v0.1/dbVIR/virDB_B_enterob	RBO
2017-08-03	BLSE106	/usr/local/readmapper-v0.1/dbVIR/virDB_B_enterob	RBO
2017-08-07	CNR2034	/usr/local/readmapper-v0.1/dbVIR/virDB_B_enterob	RBE
2017-08-07	CNR2024	/usr/local/readmapper-v0.1/dbVIR/virDB_B_enterob	RBE
2017-08-07	CNR2038	/usr/local/readmapper-v0.1/dbVIR/virDB_B_enterob	RBE
2017-08-07	CNR2029	/usr/local/readmapper-v0.1/dbVIR/virDB_A_enterob	RBE
2017-08-07	CNR2037	/usr/local/readmapper-v0.1/dbVIR/virDB_A_enterob	RBE
2017-08-07	CNR2129	/usr/local/readmapper-v0.1/dbVIR/virDB_A_enterob	RBE
2017-08-09	BLSE66	/usr/local/readmapper-v0.1/dbVIR/virDB_B_enterob	RBO
2017-08-09	BLSE65	/usr/local/readmapper-v0.1/dbVIR/virDB_B_enterob	RBO
2017-08-09	BLSE60	/usr/local/readmapper-v0.1/dbVIR/virDB_B_enterob	RBO
2017-08-09	BLSE3	/usr/local/readmapper-v0.1/dbVIR/virDB_B_enterob	RBO
2017-08-09	BLSE2	/usr/local/readmapper-v0.1/dbVIR/virDB_B_enterob	RBO
2017-08-09	BLSE136	/usr/local/readmapper-v0.1/dbVIR/virDB_B_enterob	RBO
2017-08-09	BLSE130	/usr/local/readmapper-v0.1/dbVIR/virDB_B_enterob	RBO
2017-08-09	BLSE132	/usr/local/readmapper-v0.1/dbVIR/virDB_B_enterob	RBO
2017-08-09	BLSE9	/usr/local/readmapper-v0.1/dbVIR/virDB_B_enterob	RBO
2017-08-09	BLSE8	/usr/local/readmapper-v0.1/dbVIR/virDB_B_enterob	RBO
2017-08-09	BLSE139	/usr/local/readmapper-v0.1/dbVIR/virDB_B_enterob	RBO
2017-08-09	BLSE138	/usr/local/readmapper-v0.1/dbVIR/virDB_B_enterob	RBO
2017-08-09	BLSE93	/usr/local/readmapper-v0.1/dbVIR/virDB_B_enterob	RBO
2017-08-09	BLSE91	/usr/local/readmapper-v0.1/dbVIR/virDB_B_enterob	RBO
2017-08-09	BLSE97	/usr/local/readmapper-v0.1/dbVIR/virDB_B_enterob	RBO
2017-08-09	BLSE96	/usr/local/readmapper-v0.1/dbVIR/virDB_B_enterob	RBO
2017-08-09	BLSE13	/usr/local/readmapper-v0.1/dbVIR/virDB_B_enterob	RBO
2017-08-09	BLSE12	/usr/local/readmapper-v0.1/dbVIR/virDB_B_enterob	RBO
2017-08-09	BLSE11	/usr/local/readmapper-v0.1/dbVIR/virDB_B_enterob	RBO
2017-08-09	BLSE17	/usr/local/readmapper-v0.1/dbVIR/virDB_B_enterob	RBO
2017-08-09	BLSE16	/usr/local/readmapper-v0.1/dbVIR/virDB_B_enterob	RBO
2017-08-09	BLSE19	/usr/local/readmapper-v0.1/dbVIR/virDB_B_enterob	RBO
2017-08-09	BLSE18	/usr/local/readmapper-v0.1/dbVIR/virDB_B_enterob	RBO
2017-08-09	BLSE77	/usr/local/readmapper-v0.1/dbVIR/virDB_B_enterob	RBO
2017-08-09	BLSE76	/usr/local/readmapper-v0.1/dbVIR/virDB_B_enterob	RBO
2017-08-09	BLSE71	/usr/local/readmapper-v0.1/dbVIR/virDB_B_enterob	RBO
2017-08-09	BLSE73	/usr/local/readmapper-v0.1/dbVIR/virDB_B_enterob	RBO
2017-08-09	BLSE79	/usr/local/readmapper-v0.1/dbVIR/virDB_B_enterob	RBO
2017-08-09	BLSE78	/usr/local/readmapper-v0.1/dbVIR/virDB_B_enterob	RBO
2017-08-09	BLSE120	/usr/local/readmapper-v0.1/dbVIR/virDB_B_enterob	RBO
2017-08-09	BLSE44	/usr/local/readmapper-v0.1/dbVIR/virDB_B_enterob	RBO
2017-08-09	BLSE47	/usr/local/readmapper-v0.1/dbVIR/virDB_B_enterob	RBO
2017-08-09	BLSE48	/usr/local/readmapper-v0.1/dbVIR/virDB_B_enterob	RBO
2017-08-09	BLSE157	/usr/local/readmapper-v0.1/dbVIR/virDB_B_enterob	RBO
2017-08-09	BLSE156	/usr/local/readmapper-v0.1/dbVIR/virDB_B_enterob	RBO
2017-08-09	BLSE154	/usr/local/readmapper-v0.1/dbVIR/virDB_B_enterob	RBO
2017-08-09	BLSE153	/usr/local/readmapper-v0.1/dbVIR/virDB_B_enterob	RBO
2017-08-09	BLSE152	/usr/local/readmapper-v0.1/dbVIR/virDB_B_enterob	RBO
2017-08-09	BLSE151	/usr/local/readmapper-v0.1/dbVIR/virDB_B_enterob	RBO
2017-08-09	BLSE159	/usr/local/readmapper-v0.1/dbVIR/virDB_B_enterob	RBO
2017-08-09	BLSE158	/usr/local/readmapper-v0.1/dbVIR/virDB_B_enterob	RBO
2017-08-09	BLSE52	/usr/local/readmapper-v0.1/dbVIR/virDB_B_enterob	RBO
2017-08-09	BLSE145	/usr/local/readmapper-v0.1/dbVIR/virDB_B_enterob	RBO
2017-08-09	BLSE140	/usr/local/readmapper-v0.1/dbVIR/virDB_B_enterob	RBO
2017-08-09	BLSE141	/usr/local/readmapper-v0.1/dbVIR/virDB_B_enterob	RBO
2017-08-09	BLSE142	/usr/local/readmapper-v0.1/dbVIR/virDB_B_enterob	RBO
2017-08-09	BLSE143	/usr/local/readmapper-v0.1/dbVIR/virDB_B_enterob	RBO
2017-08-09	BLSE149	/usr/local/readmapper-v0.1/dbVIR/virDB_B_enterob	RBO
2017-08-09	BLSE29	/usr/local/readmapper-v0.1/dbVIR/virDB_B_enterob	RBO
2017-08-09	BLSE23	/usr/local/readmapper-v0.1/dbVIR/virDB_B_enterob	RBO
2017-08-09	BLSE20	/usr/local/readmapper-v0.1/dbVIR/virDB_B_enterob	RBO
2017-08-09	BLSE26	/usr/local/readmapper-v0.1/dbVIR/virDB_B_enterob	RBO
2017-08-09	BLSE24	/usr/local/readmapper-v0.1/dbVIR/virDB_B_enterob	RBO
2017-08-09	BLSE171	/usr/local/readmapper-v0.1/dbVIR/virDB_B_enterob	RBO
2017-08-09	BLSE170	/usr/local/readmapper-v0.1/dbVIR/virDB_B_enterob	RBO
2017-08-09	BLSE175	/usr/local/readmapper-v0.1/dbVIR/virDB_B_enterob	RBO
2017-08-09	BLSE174	/usr/local/readmapper-v0.1/dbVIR/virDB_B_enterob	RBO
2017-08-09	BLSE177	/usr/local/readmapper-v0.1/dbVIR/virDB_B_enterob	RBO
2017-08-09	BLSE176	/usr/local/readmapper-v0.1/dbVIR/virDB_B_enterob	RBO
2017-08-09	BLSE33	/usr/local/readmapper-v0.1/dbVIR/virDB_B_enterob	RBO
2017-08-09	BLSE37	/usr/local/readmapper-v0.1/dbVIR/virDB_B_enterob	RBO
2017-08-09	BLSE169	/usr/local/readmapper-v0.1/dbVIR/virDB_B_enterob	RBO
2017-08-09	BLSE166	/usr/local/readmapper-v0.1/dbVIR/virDB_B_enterob	RBO
2017-08-09	BLSE167	/usr/local/readmapper-v0.1/dbVIR/virDB_B_enterob	RBO
2017-08-09	BLSE163	/usr/local/readmapper-v0.1/dbVIR/virDB_B_enterob	RBO
2017-08-09	BLSE192	/usr/local/readmapper-v0.1/dbVIR/virDB_B_enterob	RBO
2017-08-09	BLSE191	/usr/local/readmapper-v0.1/dbVIR/virDB_B_enterob	RBO
2017-08-09	BLSE87	/usr/local/readmapper-v0.1/dbVIR/virDB_B_enterob	RBO
2017-08-09	BLSE197	/usr/local/readmapper-v0.1/dbVIR/virDB_B_enterob	RBO
2017-08-09	BLSE196	/usr/local/readmapper-v0.1/dbVIR/virDB_B_enterob	RBO
2017-08-09	BLSE194	/usr/local/readmapper-v0.1/dbVIR/virDB_B_enterob	RBO
2017-08-09	BLSE82	/usr/local/readmapper-v0.1/dbVIR/virDB_B_enterob	RBO
2017-08-09	BLSE118	/usr/local/readmapper-v0.1/dbVIR/virDB_B_enterob	RBO
2017-08-09	BLSE113	/usr/local/readmapper-v0.1/dbVIR/virDB_B_enterob	RBO
2017-08-09	BLSE111	/usr/local/readmapper-v0.1/dbVIR/virDB_B_enterob	RBO
2017-08-09	BLSE114	/usr/local/readmapper-v0.1/dbVIR/virDB_B_enterob	RBO
2017-08-09	BLSE182	/usr/local/readmapper-v0.1/dbVIR/virDB_B_enterob	RBO
2017-08-09	BLSE183	/usr/local/readmapper-v0.1/dbVIR/virDB_B_enterob	RBO
2017-08-09	BLSE185	/usr/local/readmapper-v0.1/dbVIR/virDB_B_enterob	RBO
2017-08-09	BLSE186	/usr/local/readmapper-v0.1/dbVIR/virDB_B_enterob	RBO
2017-08-09	BLSE187	/usr/local/readmapper-v0.1/dbVIR/virDB_B_enterob	RBO
2017-08-09	BLSE188	/usr/local/readmapper-v0.1/dbVIR/virDB_B_enterob	RBO
2017-08-09	BLSE189	/usr/local/readmapper-v0.1/dbVIR/virDB_B_enterob	RBO
2017-08-09	BLSE108	/usr/local/readmapper-v0.1/dbVIR/virDB_B_enterob	RBO
2017-08-09	BLSE109	/usr/local/readmapper-v0.1/dbVIR/virDB_B_enterob	RBO
2017-08-09	BLSE84	/usr/local/readmapper-v0.1/dbVIR/virDB_B_enterob	RBO
2017-08-09	BLSE85	/usr/local/readmapper-v0.1/dbVIR/virDB_B_enterob	RBO
2017-08-09	BLSE103	/usr/local/readmapper-v0.1/dbVIR/virDB_B_enterob	RBO
2017-08-09	BLSE105	/usr/local/readmapper-v0.1/dbVIR/virDB_B_enterob	RBO
2017-08-09	BLSE106	/usr/local/readmapper-v0.1/dbVIR/virDB_B_enterob	RBO
2017-08-09	BLSE66	/usr/local/readmapper-v0.1/dbVIR/virDB_B_enterob	RBO
2017-08-09	BLSE65	/usr/local/readmapper-v0.1/dbVIR/virDB_B_enterob	RBO
2017-08-09	BLSE60	/usr/local/readmapper-v0.1/dbVIR/virDB_B_enterob	RBO
2017-08-09	BLSE3	/usr/local/readmapper-v0.1/dbVIR/virDB_B_enterob	RBO
2017-08-09	BLSE2	/usr/local/readmapper-v0.1/dbVIR/virDB_B_enterob	RBO
2017-08-09	BLSE136	/usr/local/readmapper-v0.1/dbVIR/virDB_B_enterob	RBO
2017-08-09	BLSE130	/usr/local/readmapper-v0.1/dbVIR/virDB_B_enterob	RBO
2017-08-09	BLSE132	/usr/local/readmapper-v0.1/dbVIR/virDB_B_enterob	RBO
2017-08-09	BLSE9	/usr/local/readmapper-v0.1/dbVIR/virDB_B_enterob	RBO
2017-08-09	BLSE8	/usr/local/readmapper-v0.1/dbVIR/virDB_B_enterob	RBO
2017-08-09	BLSE139	/usr/local/readmapper-v0.1/dbVIR/virDB_B_enterob	RBO
2017-08-09	BLSE138	/usr/local/readmapper-v0.1/dbVIR/virDB_B_enterob	RBO
2017-08-09	BLSE93	/usr/local/readmapper-v0.1/dbVIR/virDB_B_enterob	RBO
2017-08-09	BLSE91	/usr/local/readmapper-v0.1/dbVIR/virDB_B_enterob	RBO
2017-08-09	BLSE97	/usr/local/readmapper-v0.1/dbVIR/virDB_B_enterob	RBO
2017-08-09	BLSE96	/usr/local/readmapper-v0.1/dbVIR/virDB_B_enterob	RBO
2017-08-09	BLSE13	/usr/local/readmapper-v0.1/dbVIR/virDB_B_enterob	RBO
2017-08-09	BLSE12	/usr/local/readmapper-v0.1/dbVIR/virDB_B_enterob	RBO
2017-08-09	BLSE11	/usr/local/readmapper-v0.1/dbVIR/virDB_B_enterob	RBO
2017-08-09	BLSE17	/usr/local/readmapper-v0.1/dbVIR/virDB_B_enterob	RBO
2017-08-09	BLSE16	/usr/local/readmapper-v0.1/dbVIR/virDB_B_enterob	RBO
2017-08-09	BLSE19	/usr/local/readmapper-v0.1/dbVIR/virDB_B_enterob	RBO
2017-08-09	BLSE18	/usr/local/readmapper-v0.1/dbVIR/virDB_B_enterob	RBO
2017-08-09	BLSE77	/usr/local/readmapper-v0.1/dbVIR/virDB_B_enterob	RBO
2017-08-09	BLSE76	/usr/local/readmapper-v0.1/dbVIR/virDB_B_enterob	RBO
2017-08-09	BLSE71	/usr/local/readmapper-v0.1/dbVIR/virDB_B_enterob	RBO
2017-08-09	BLSE73	/usr/local/readmapper-v0.1/dbVIR/virDB_B_enterob	RBO
2017-08-09	BLSE79	/usr/local/readmapper-v0.1/dbVIR/virDB_B_enterob	RBO
2017-08-09	BLSE78	/usr/local/readmapper-v0.1/dbVIR/virDB_B_enterob	RBO
2017-08-09	BLSE120	/usr/local/readmapper-v0.1/dbVIR/virDB_B_enterob	RBO
2017-08-09	BLSE44	/usr/local/readmapper-v0.1/dbVIR/virDB_B_enterob	RBO
2017-08-09	BLSE47	/usr/local/readmapper-v0.1/dbVIR/virDB_B_enterob	RBO
2017-08-09	BLSE48	/usr/local/readmapper-v0.1/dbVIR/virDB_B_enterob	RBO
2017-08-09	BLSE157	/usr/local/readmapper-v0.1/dbVIR/virDB_B_enterob	RBO
2017-08-09	BLSE156	/usr/local/readmapper-v0.1/dbVIR/virDB_B_enterob	RBO
2017-08-09	BLSE154	/usr/local/readmapper-v0.1/dbVIR/virDB_B_enterob	RBO
2017-08-09	BLSE153	/usr/local/readmapper-v0.1/dbVIR/virDB_B_enterob	RBO
2017-08-09	BLSE152	/usr/local/readmapper-v0.1/dbVIR/virDB_B_enterob	RBO
2017-08-09	BLSE151	/usr/local/readmapper-v0.1/dbVIR/virDB_B_enterob	RBO
2017-08-09	BLSE159	/usr/local/readmapper-v0.1/dbVIR/virDB_B_enterob	RBO
2017-08-09	BLSE158	/usr/local/readmapper-v0.1/dbVIR/virDB_B_enterob	RBO
2017-08-09	BLSE52	/usr/local/readmapper-v0.1/dbVIR/virDB_B_enterob	RBO
2017-08-09	BLSE145	/usr/local/readmapper-v0.1/dbVIR/virDB_B_enterob	RBO
2017-08-09	BLSE140	/usr/local/readmapper-v0.1/dbVIR/virDB_B_enterob	RBO
2017-08-09	BLSE141	/usr/local/readmapper-v0.1/dbVIR/virDB_B_enterob	RBO
2017-08-09	BLSE142	/usr/local/readmapper-v0.1/dbVIR/virDB_B_enterob	RBO
2017-08-09	BLSE143	/usr/local/readmapper-v0.1/dbVIR/virDB_B_enterob	RBO
2017-08-09	BLSE149	/usr/local/readmapper-v0.1/dbVIR/virDB_B_enterob	RBO
2017-08-09	BLSE29	/usr/local/readmapper-v0.1/dbVIR/virDB_B_enterob	RBO
2017-08-09	BLSE23	/usr/local/readmapper-v0.1/dbVIR/virDB_B_enterob	RBO
2017-08-09	BLSE20	/usr/local/readmapper-v0.1/dbVIR/virDB_B_enterob	RBO
2017-08-09	BLSE26	/usr/local/readmapper-v0.1/dbVIR/virDB_B_enterob	RBO
2017-08-09	BLSE24	/usr/local/readmapper-v0.1/dbVIR/virDB_B_enterob	RBO
2017-08-09	BLSE171	/usr/local/readmapper-v0.1/dbVIR/virDB_B_enterob	RBO
2017-08-09	BLSE170	/usr/local/readmapper-v0.1/dbVIR/virDB_B_enterob	RBO
2017-08-09	BLSE175	/usr/local/readmapper-v0.1/dbVIR/virDB_B_enterob	RBO
2017-08-09	BLSE174	/usr/local/readmapper-v0.1/dbVIR/virDB_B_enterob	RBO
2017-08-09	BLSE177	/usr/local/readmapper-v0.1/dbVIR/virDB_B_enterob	RBO
2017-08-09	BLSE176	/usr/local/readmapper-v0.1/dbVIR/virDB_B_enterob	RBO
2017-08-09	BLSE33	/usr/local/readmapper-v0.1/dbVIR/virDB_B_enterob	RBO
2017-08-09	BLSE37	/usr/local/readmapper-v0.1/dbVIR/virDB_B_enterob	RBO
2017-08-09	BLSE169	/usr/local/readmapper-v0.1/dbVIR/virDB_B_enterob	RBO
2017-08-09	BLSE166	/usr/local/readmapper-v0.1/dbVIR/virDB_B_enterob	RBO
2017-08-09	BLSE167	/usr/local/readmapper-v0.1/dbVIR/virDB_B_enterob	RBO
2017-08-09	BLSE163	/usr/local/readmapper-v0.1/dbVIR/virDB_B_enterob	RBO
2017-08-09	BLSE192	/usr/local/readmapper-v0.1/dbVIR/virDB_B_enterob	RBO
2017-08-09	BLSE191	/usr/local/readmapper-v0.1/dbVIR/virDB_B_enterob	RBO
2017-08-09	BLSE87	/usr/local/readmapper-v0.1/dbVIR/virDB_B_enterob	RBO
2017-08-09	BLSE197	/usr/local/readmapper-v0.1/dbVIR/virDB_B_enterob	RBO
2017-08-09	BLSE196	/usr/local/readmapper-v0.1/dbVIR/virDB_B_enterob	RBO
2017-08-09	BLSE194	/usr/local/readmapper-v0.1/dbVIR/virDB_B_enterob	RBO
2017-08-09	BLSE82	/usr/local/readmapper-v0.1/dbVIR/virDB_B_enterob	RBO
2017-08-09	BLSE118	/usr/local/readmapper-v0.1/dbVIR/virDB_B_enterob	RBO
2017-08-09	BLSE113	/usr/local/readmapper-v0.1/dbVIR/virDB_B_enterob	RBO
2017-08-09	BLSE111	/usr/local/readmapper-v0.1/dbVIR/virDB_B_enterob	RBO
2017-08-09	BLSE114	/usr/local/readmapper-v0.1/dbVIR/virDB_B_enterob	RBO
2017-08-09	BLSE182	/usr/local/readmapper-v0.1/dbVIR/virDB_B_enterob	RBO
2017-08-09	BLSE183	/usr/local/readmapper-v0.1/dbVIR/virDB_B_enterob	RBO
2017-08-09	BLSE185	/usr/local/readmapper-v0.1/dbVIR/virDB_B_enterob	RBO
2017-08-09	BLSE186	/usr/local/readmapper-v0.1/dbVIR/virDB_B_enterob	RBO
2017-08-09	BLSE187	/usr/local/readmapper-v0.1/dbVIR/virDB_B_enterob	RBO
2017-08-09	BLSE188	/usr/local/readmapper-v0.1/dbVIR/virDB_B_enterob	RBO
2017-08-09	BLSE189	/usr/local/readmapper-v0.1/dbVIR/virDB_B_enterob	RBO
2017-08-09	BLSE108	/usr/local/readmapper-v0.1/dbVIR/virDB_B_enterob	RBO
2017-08-09	BLSE109	/usr/local/readmapper-v0.1/dbVIR/virDB_B_enterob	RBO
2017-08-09	BLSE84	/usr/local/readmapper-v0.1/dbVIR/virDB_B_enterob	RBO
2017-08-09	BLSE85	/usr/local/readmapper-v0.1/dbVIR/virDB_B_enterob	RBO
2017-08-09	BLSE103	/usr/local/readmapper-v0.1/dbVIR/virDB_B_enterob	RBO
2017-08-09	BLSE105	/usr/local/readmapper-v0.1/dbVIR/virDB_B_enterob	RBO
2017-08-09	BLSE106	/usr/local/readmapper-v0.1/dbVIR/virDB_B_enterob	RBO
2017-08-10	BLSE66	/usr/local/readmapper-v0.1/dbVIR/virDB_B_enterob	RBO
2017-08-10	BLSE65	/usr/local/readmapper-v0.1/dbVIR/virDB_B_enterob	RBO
2017-08-10	BLSE60	/usr/local/readmapper-v0.1/dbVIR/virDB_B_enterob	RBO
2017-08-10	BLSE3	/usr/local/readmapper-v0.1/dbVIR/virDB_B_enterob	RBO
2017-08-10	BLSE2	/usr/local/readmapper-v0.1/dbVIR/virDB_B_enterob	RBO
2017-08-10	BLSE136	/usr/local/readmapper-v0.1/dbVIR/virDB_B_enterob	RBO
2017-08-10	BLSE130	/usr/local/readmapper-v0.1/dbVIR/virDB_B_enterob	RBO
2017-08-10	BLSE132	/usr/local/readmapper-v0.1/dbVIR/virDB_B_enterob	RBO
2017-08-10	BLSE9	/usr/local/readmapper-v0.1/dbVIR/virDB_B_enterob	RBO
2017-08-10	BLSE8	/usr/local/readmapper-v0.1/dbVIR/virDB_B_enterob	RBO
2017-08-10	BLSE139	/usr/local/readmapper-v0.1/dbVIR/virDB_B_enterob	RBO
2017-08-10	BLSE138	/usr/local/readmapper-v0.1/dbVIR/virDB_B_enterob	RBO
2017-08-10	BLSE93	/usr/local/readmapper-v0.1/dbVIR/virDB_B_enterob	RBO
2017-08-10	BLSE91	/usr/local/readmapper-v0.1/dbVIR/virDB_B_enterob	RBO
2017-08-10	BLSE97	/usr/local/readmapper-v0.1/dbVIR/virDB_B_enterob	RBO
2017-08-10	BLSE96	/usr/local/readmapper-v0.1/dbVIR/virDB_B_enterob	RBO
2017-08-10	BLSE13	/usr/local/readmapper-v0.1/dbVIR/virDB_B_enterob	RBO
2017-08-10	BLSE12	/usr/local/readmapper-v0.1/dbVIR/virDB_B_enterob	RBO
2017-08-10	BLSE11	/usr/local/readmapper-v0.1/dbVIR/virDB_B_enterob	RBO
2017-08-10	BLSE17	/usr/local/readmapper-v0.1/dbVIR/virDB_B_enterob	RBO
2017-08-10	BLSE16	/usr/local/readmapper-v0.1/dbVIR/virDB_B_enterob	RBO
2017-08-10	BLSE19	/usr/local/readmapper-v0.1/dbVIR/virDB_B_enterob	RBO
2017-08-10	BLSE18	/usr/local/readmapper-v0.1/dbVIR/virDB_B_enterob	RBO
2017-08-10	BLSE77	/usr/local/readmapper-v0.1/dbVIR/virDB_B_enterob	RBO
2017-08-10	BLSE76	/usr/local/readmapper-v0.1/dbVIR/virDB_B_enterob	RBO
2017-08-10	BLSE71	/usr/local/readmapper-v0.1/dbVIR/virDB_B_enterob	RBO
2017-08-10	BLSE73	/usr/local/readmapper-v0.1/dbVIR/virDB_B_enterob	RBO
2017-08-10	BLSE79	/usr/local/readmapper-v0.1/dbVIR/virDB_B_enterob	RBO
2017-08-10	BLSE78	/usr/local/readmapper-v0.1/dbVIR/virDB_B_enterob	RBO
2017-08-10	BLSE120	/usr/local/readmapper-v0.1/dbVIR/virDB_B_enterob	RBO
2017-08-10	BLSE44	/usr/local/readmapper-v0.1/dbVIR/virDB_B_enterob	RBO
2017-08-10	BLSE47	/usr/local/readmapper-v0.1/dbVIR/virDB_B_enterob	RBO
2017-08-10	BLSE48	/usr/local/readmapper-v0.1/dbVIR/virDB_B_enterob	RBO
2017-08-10	BLSE157	/usr/local/readmapper-v0.1/dbVIR/virDB_B_enterob	RBO
2017-08-10	BLSE156	/usr/local/readmapper-v0.1/dbVIR/virDB_B_enterob	RBO
2017-08-10	BLSE154	/usr/local/readmapper-v0.1/dbVIR/virDB_B_enterob	RBO
2017-08-10	BLSE153	/usr/local/readmapper-v0.1/dbVIR/virDB_B_enterob	RBO
2017-08-10	BLSE152	/usr/local/readmapper-v0.1/dbVIR/virDB_B_enterob	RBO
2017-08-10	BLSE151	/usr/local/readmapper-v0.1/dbVIR/virDB_B_enterob	RBO
2017-08-10	BLSE159	/usr/local/readmapper-v0.1/dbVIR/virDB_B_enterob	RBO
2017-08-10	BLSE158	/usr/local/readmapper-v0.1/dbVIR/virDB_B_enterob	RBO
2017-08-10	BLSE52	/usr/local/readmapper-v0.1/dbVIR/virDB_B_enterob	RBO
2017-08-10	BLSE145	/usr/local/readmapper-v0.1/dbVIR/virDB_B_enterob	RBO
2017-08-10	BLSE140	/usr/local/readmapper-v0.1/dbVIR/virDB_B_enterob	RBO
2017-08-10	BLSE141	/usr/local/readmapper-v0.1/dbVIR/virDB_B_enterob	RBO
2017-08-10	BLSE142	/usr/local/readmapper-v0.1/dbVIR/virDB_B_enterob	RBO
2017-08-10	BLSE143	/usr/local/readmapper-v0.1/dbVIR/virDB_B_enterob	RBO
2017-08-10	BLSE149	/usr/local/readmapper-v0.1/dbVIR/virDB_B_enterob	RBO
2017-08-10	BLSE29	/usr/local/readmapper-v0.1/dbVIR/virDB_B_enterob	RBO
2017-08-10	BLSE23	/usr/local/readmapper-v0.1/dbVIR/virDB_B_enterob	RBO
2017-08-10	BLSE20	/usr/local/readmapper-v0.1/dbVIR/virDB_B_enterob	RBO
2017-08-10	BLSE26	/usr/local/readmapper-v0.1/dbVIR/virDB_B_enterob	RBO
2017-08-10	BLSE24	/usr/local/readmapper-v0.1/dbVIR/virDB_B_enterob	RBO
2017-08-10	BLSE171	/usr/local/readmapper-v0.1/dbVIR/virDB_B_enterob	RBO
2017-08-10	BLSE170	/usr/local/readmapper-v0.1/dbVIR/virDB_B_enterob	RBO
2017-08-10	BLSE175	/usr/local/readmapper-v0.1/dbVIR/virDB_B_enterob	RBO
2017-08-10	BLSE174	/usr/local/readmapper-v0.1/dbVIR/virDB_B_enterob	RBO
2017-08-10	BLSE177	/usr/local/readmapper-v0.1/dbVIR/virDB_B_enterob	RBO
2017-08-10	BLSE176	/usr/local/readmapper-v0.1/dbVIR/virDB_B_enterob	RBO
2017-08-10	BLSE33	/usr/local/readmapper-v0.1/dbVIR/virDB_B_enterob	RBO
2017-08-10	BLSE37	/usr/local/readmapper-v0.1/dbVIR/virDB_B_enterob	RBO
2017-08-10	BLSE169	/usr/local/readmapper-v0.1/dbVIR/virDB_B_enterob	RBO
2017-08-10	BLSE166	/usr/local/readmapper-v0.1/dbVIR/virDB_B_enterob	RBO
2017-08-10	BLSE167	/usr/local/readmapper-v0.1/dbVIR/virDB_B_enterob	RBO
2017-08-10	BLSE163	/usr/local/readmapper-v0.1/dbVIR/virDB_B_enterob	RBO
2017-08-10	BLSE192	/usr/local/readmapper-v0.1/dbVIR/virDB_B_enterob	RBO
2017-08-10	BLSE191	/usr/local/readmapper-v0.1/dbVIR/virDB_B_enterob	RBO
2017-08-10	BLSE87	/usr/local/readmapper-v0.1/dbVIR/virDB_B_enterob	RBO
2017-08-10	BLSE197	/usr/local/readmapper-v0.1/dbVIR/virDB_B_enterob	RBO
2017-08-10	BLSE196	/usr/local/readmapper-v0.1/dbVIR/virDB_B_enterob	RBO
2017-08-10	BLSE194	/usr/local/readmapper-v0.1/dbVIR/virDB_B_enterob	RBO
2017-08-10	BLSE82	/usr/local/readmapper-v0.1/dbVIR/virDB_B_enterob	RBO
2017-08-10	BLSE118	/usr/local/readmapper-v0.1/dbVIR/virDB_B_enterob	RBO
2017-08-10	BLSE113	/usr/local/readmapper-v0.1/dbVIR/virDB_B_enterob	RBO
2017-08-10	BLSE111	/usr/local/readmapper-v0.1/dbVIR/virDB_B_enterob	RBO
2017-08-10	BLSE114	/usr/local/readmapper-v0.1/dbVIR/virDB_B_enterob	RBO
2017-08-10	BLSE182	/usr/local/readmapper-v0.1/dbVIR/virDB_B_enterob	RBO
2017-08-10	BLSE183	/usr/local/readmapper-v0.1/dbVIR/virDB_B_enterob	RBO
2017-08-10	BLSE185	/usr/local/readmapper-v0.1/dbVIR/virDB_B_enterob	RBO
2017-08-10	BLSE186	/usr/local/readmapper-v0.1/dbVIR/virDB_B_enterob	RBO
2017-08-10	BLSE187	/usr/local/readmapper-v0.1/dbVIR/virDB_B_enterob	RBO
2017-08-10	BLSE188	/usr/local/readmapper-v0.1/dbVIR/virDB_B_enterob	RBO
2017-08-10	BLSE189	/usr/local/readmapper-v0.1/dbVIR/virDB_B_enterob	RBO
2017-08-10	BLSE108	/usr/local/readmapper-v0.1/dbVIR/virDB_B_enterob	RBO
2017-08-10	BLSE109	/usr/local/readmapper-v0.1/dbVIR/virDB_B_enterob	RBO
2017-08-10	BLSE84	/usr/local/readmapper-v0.1/dbVIR/virDB_B_enterob	RBO
2017-08-10	BLSE85	/usr/local/readmapper-v0.1/dbVIR/virDB_B_enterob	RBO
2017-08-10	BLSE103	/usr/local/readmapper-v0.1/dbVIR/virDB_B_enterob	RBO
2017-08-10	BLSE105	/usr/local/readmapper-v0.1/dbVIR/virDB_B_enterob	RBO
2017-08-10	BLSE106	/usr/local/readmapper-v0.1/dbVIR/virDB_B_enterob	RBO
2017-08-10	27841	/usr/local/readmapper-v0.1/dbVIR/virDB_B_enterob	RBO
2017-08-10	27845	/usr/local/readmapper-v0.1/dbVIR/virDB_B_enterob	RBO
2017-08-10	32196	/usr/local/readmapper-v0.1/dbVIR/virDB_B_enterob	RBO
2017-08-10	32524	/usr/local/readmapper-v0.1/dbVIR/virDB_B_enterob	RBO
2017-08-10	33905	/usr/local/readmapper-v0.1/dbVIR/virDB_B_enterob	RBO
2017-08-10	36070	/usr/local/readmapper-v0.1/dbVIR/virDB_B_enterob	RBO
2017-08-10	41156	/usr/local/readmapper-v0.1/dbVIR/virDB_B_enterob	RBO
2017-08-10	41162	/usr/local/readmapper-v0.1/dbVIR/virDB_B_enterob	RBO
2017-08-10	41172	/usr/local/readmapper-v0.1/dbVIR/virDB_B_enterob	RBO
2017-08-10	43198	/usr/local/readmapper-v0.1/dbVIR/virDB_B_enterob	RBO
2017-08-12	27841	/usr/local/readmapper-v0.1/dbVIR/virDB_B_enterob	RBO
2017-08-12	27845	/usr/local/readmapper-v0.1/dbVIR/virDB_B_enterob	RBO
2017-08-12	27865	/usr/local/readmapper-v0.1/dbVIR/virDB_B_enterob	RBO
2017-08-12	27866	/usr/local/readmapper-v0.1/dbVIR/virDB_B_enterob	RBO
2017-08-12	30203	/usr/local/readmapper-v0.1/dbVIR/virDB_B_enterob	RBO
2017-08-12	30457	/usr/local/readmapper-v0.1/dbVIR/virDB_B_enterob	RBO
2017-08-12	32196	/usr/local/readmapper-v0.1/dbVIR/virDB_B_enterob	RBO
2017-08-12	32524	/usr/local/readmapper-v0.1/dbVIR/virDB_B_enterob	RBO
2017-08-12	33905	/usr/local/readmapper-v0.1/dbVIR/virDB_B_enterob	RBO
2017-08-12	33916	/usr/local/readmapper-v0.1/dbVIR/virDB_B_enterob	RBO
2017-08-12	36070	/usr/local/readmapper-v0.1/dbVIR/virDB_B_enterob	RBO
2017-08-12	36075	/usr/local/readmapper-v0.1/dbVIR/virDB_B_enterob	RBO
2017-08-12	37922	/usr/local/readmapper-v0.1/dbVIR/virDB_B_enterob	RBO
2017-08-12	38239	/usr/local/readmapper-v0.1/dbVIR/virDB_B_enterob	RBO
2017-08-12	38271	/usr/local/readmapper-v0.1/dbVIR/virDB_B_enterob	RBO
2017-08-12	38275	/usr/local/readmapper-v0.1/dbVIR/virDB_B_enterob	RBO
2017-08-12	38279	/usr/local/readmapper-v0.1/dbVIR/virDB_B_enterob	RBO
2017-08-12	39134	/usr/local/readmapper-v0.1/dbVIR/virDB_B_enterob	RBO
2017-08-12	39940	/usr/local/readmapper-v0.1/dbVIR/virDB_B_enterob	RBO
2017-08-12	39941	/usr/local/readmapper-v0.1/dbVIR/virDB_B_enterob	RBO
2017-08-12	41152	/usr/local/readmapper-v0.1/dbVIR/virDB_B_enterob	RBO
2017-08-12	41156	/usr/local/readmapper-v0.1/dbVIR/virDB_B_enterob	RBO
2017-08-12	41162	/usr/local/readmapper-v0.1/dbVIR/virDB_B_enterob	RBO
2017-08-12	41172	/usr/local/readmapper-v0.1/dbVIR/virDB_B_enterob	RBO
2017-08-12	41176	/usr/local/readmapper-v0.1/dbVIR/virDB_B_enterob	RBO
2017-08-12	41231	/usr/local/readmapper-v0.1/dbVIR/virDB_B_enterob	RBO
2017-08-12	41241	/usr/local/readmapper-v0.1/dbVIR/virDB_B_enterob	RBO
2017-08-12	41247	/usr/local/readmapper-v0.1/dbVIR/virDB_B_enterob	RBO
2017-08-12	41917	/usr/local/readmapper-v0.1/dbVIR/virDB_B_enterob	RBO
2017-08-12	42871	/usr/local/readmapper-v0.1/dbVIR/virDB_B_enterob	RBO
2017-08-12	42894	/usr/local/readmapper-v0.1/dbVIR/virDB_B_enterob	RBO
2018-03-13	EcApHF16	/usr/local/readmapper-v0.1/dbVIR/virDB_B_enterob	FR
2018-03-13	EcApHF23	/usr/local/readmapper-v0.1/dbVIR/virDB_B_enterob	FR
2018-03-13	EcWTHF136	/usr/local/readmapper-v0.1/dbVIR/virDB_B_enterob	FR
2018-03-13	EcWTHF88	/usr/local/readmapper-v0.1/dbVIR/virDB_B_enterob	FR
2018-03-14	CNR2359	/usr/local/readmapper-v0.1/dbVIR/virDB_B_enterob	Web
2018-03-14	CNR2346	/usr/local/readmapper-v0.1/dbVIR/virDB_B_enterob	Web
2018-03-14	CNR2363	/usr/local/readmapper-v0.1/dbVIR/virDB_B_enterob	Web
2018-03-14	CNR2373	/usr/local/readmapper-v0.1/dbVIR/virDB_B_enterob	Web
2018-03-14	CNR2363	/usr/local/readmapper-v0.1/dbVIR/virDB_B_enterob	Web
2018-03-14	CNR2359	/usr/local/readmapper-v0.1/dbVIR/virDB_B_enterob	Web
2018-03-14	CNR2346	/usr/local/readmapper-v0.1/dbVIR/virDB_B_enterob	Web
2018-03-14	CNR2373	/usr/local/readmapper-v0.1/dbVIR/virDB_B_enterob	Web
2018-03-19	FG16	/usr/local/readmapper-v0.1/dbVIR/virDB_B_enterob	Web
2018-03-19	FG27	/usr/local/readmapper-v0.1/dbVIR/virDB_B_enterob	Web
2018-03-19	GHSR11	/usr/local/readmapper-v0.1/dbVIR/virDB_B_enterob	Web
2018-03-19	NC10	/usr/local/readmapper-v0.1/dbVIR/virDB_B_enterob	Web
