VFG000349__psaE Made VFG000349__psaE into gene. strand=+, frame=0
VFG000350__psaF Made VFG000350__psaF into gene. strand=+, frame=0
VFG000351__antigen_4 Made VFG000351__antigen_4 into gene. strand=+, frame=0
VFG000352__psaB Made VFG000352__psaB into gene. strand=+, frame=0
VFG000353__psaC Made VFG000353__psaC into gene. strand=+, frame=0
VFG000354__ail Made VFG000354__ail into gene. strand=+, frame=0
VFG000356__inv Made VFG000356__inv into gene. strand=+, frame=0
VFG000358__fyuA Made VFG000358__fyuA into gene. strand=+, frame=0
VFG000359__ybtE Made VFG000359__ybtE into gene. strand=+, frame=0
VFG000360__ybtT Made VFG000360__ybtT into gene. strand=+, frame=0
VFG000361__ybtU Made VFG000361__ybtU into gene. strand=+, frame=0
VFG000362__irp1 Made VFG000362__irp1 into gene. strand=+, frame=0
VFG000363__irp2 Made VFG000363__irp2 into gene. strand=+, frame=0
VFG000364__ybtA Made VFG000364__ybtA into gene. strand=+, frame=0
VFG000365__ybtP Made VFG000365__ybtP into gene. strand=+, frame=0
VFG000366__ybtQ Made VFG000366__ybtQ into gene. strand=+, frame=0
VFG000367__ybtX Made VFG000367__ybtX into gene. strand=+, frame=0
VFG000368__ybtS Made VFG000368__ybtS into gene. strand=+, frame=0
VFG000372__sycE_yerA Made VFG000372__sycE_yerA into gene. strand=+, frame=0
VFG000373__yopE Made VFG000373__yopE into gene. strand=+, frame=0
VFG000374__yopK_yopQ Made VFG000374__yopK_yopQ into gene. strand=+, frame=0
VFG000375__yopT Made VFG000375__yopT into gene. strand=+, frame=0
VFG000376__sycT Made VFG000376__sycT into gene. strand=+, frame=0
VFG000377__yopM Made VFG000377__yopM into gene. strand=+, frame=0
VFG000378__yopD Made VFG000378__yopD into gene. strand=+, frame=0
VFG000379__yopB Made VFG000379__yopB into gene. strand=+, frame=0
VFG000380__sycD_lcrH Made VFG000380__sycD_lcrH into gene. strand=+, frame=0
VFG000381__lcrV Made VFG000381__lcrV into gene. strand=+, frame=0
VFG000382__lcrG Made VFG000382__lcrG into gene. strand=+, frame=0
VFG000383__lcrR Made VFG000383__lcrR into gene. strand=+, frame=0
VFG000384__yscV_lcrD Made VFG000384__yscV_lcrD into gene. strand=+, frame=0
VFG000385__yscY Made VFG000385__yscY into gene. strand=+, frame=0
VFG000386__yscX Made VFG000386__yscX into gene. strand=+, frame=0
VFG000387__sycN Made VFG000387__sycN into gene. strand=+, frame=0
VFG000388__tyeA Made VFG000388__tyeA into gene. strand=+, frame=0
VFG000389__lcrE_yopN Made VFG000389__lcrE_yopN into gene. strand=+, frame=0
VFG000390__yscN Made VFG000390__yscN into gene. strand=+, frame=0
VFG000391__yscO Made VFG000391__yscO into gene. strand=+, frame=0
VFG000392__yscP Made VFG000392__yscP into gene. strand=+, frame=0
VFG000393__yscQ Made VFG000393__yscQ into gene. strand=+, frame=0
VFG000394__yscR Made VFG000394__yscR into gene. strand=+, frame=0
VFG000395__yscS Made VFG000395__yscS into gene. strand=+, frame=0
VFG000396__yscT Made VFG000396__yscT into gene. strand=+, frame=0
VFG000397__yscU Made VFG000397__yscU into gene. strand=+, frame=0
VFG000398__virG_yscW Made VFG000398__virG_yscW into gene. strand=+, frame=0
VFG000400__yscA Made VFG000400__yscA into gene. strand=+, frame=0
VFG000401__yscB Made VFG000401__yscB into gene. strand=+, frame=0
VFG000402__yscC Made VFG000402__yscC into gene. strand=+, frame=0
VFG000403__yscD Made VFG000403__yscD into gene. strand=+, frame=0
VFG000404__yscE Made VFG000404__yscE into gene. strand=+, frame=0
VFG000405__yscF Made VFG000405__yscF into gene. strand=+, frame=0
VFG000406__yscG Made VFG000406__yscG into gene. strand=+, frame=0
VFG000407__yopR_yscH_lcrP Made VFG000407__yopR_yscH_lcrP into gene. strand=+, frame=0
VFG000408__lcrO_yscI Made VFG000408__lcrO_yscI into gene. strand=+, frame=0
VFG000409__ylpB_yscJ Made VFG000409__ylpB_yscJ into gene. strand=+, frame=0
VFG000410__yscK Made VFG000410__yscK into gene. strand=+, frame=0
VFG000411__yscL Made VFG000411__yscL into gene. strand=+, frame=0
VFG000412__lcrQ_yscM Made VFG000412__lcrQ_yscM into gene. strand=+, frame=0
VFG000413__yopH Made VFG000413__yopH into gene. strand=+, frame=0
VFG000414__yopJ_yopP Made VFG000414__yopJ_yopP into gene. strand=+, frame=0
VFG000415__yopO_ypkA Made VFG000415__yopO_ypkA into gene. strand=+, frame=0
VFG000416__sycH Made VFG000416__sycH into gene. strand=+, frame=0
VFG000417__pla Made VFG000417__pla into gene. strand=+, frame=0
VFG000418__caf1 Made VFG000418__caf1 into gene. strand=+, frame=0
VFG000419__caf1A Made VFG000419__caf1A into gene. strand=+, frame=0
VFG000420__caf1M Made VFG000420__caf1M into gene. strand=+, frame=0
VFG000421__caf1R Made VFG000421__caf1R into gene. strand=+, frame=0
VFG000422__ymt Made VFG000422__ymt into gene. strand=+, frame=0
VFG000423__vexE Made VFG000423__vexE into gene. strand=+, frame=0
VFG000424__vexD Made VFG000424__vexD into gene. strand=+, frame=0
VFG000425__vexC Made VFG000425__vexC into gene. strand=+, frame=0
VFG000426__ABC_2_type_transporter Made VFG000426__ABC_2_type_transporter into gene. strand=+, frame=0
VFG000427__vexA Made VFG000427__vexA into gene. strand=+, frame=0
VFG000428__tviE Made VFG000428__tviE into gene. strand=+, frame=0
VFG000429__tviD Made VFG000429__tviD into gene. strand=+, frame=0
VFG000430__tviC Made VFG000430__tviC into gene. strand=+, frame=0
VFG000431__tviB Made VFG000431__tviB into gene. strand=+, frame=0
VFG000433__pefD Made VFG000433__pefD into gene. strand=+, frame=0
VFG000434__pefC Made VFG000434__pefC into gene. strand=+, frame=0
VFG000435__pefA Made VFG000435__pefA into gene. strand=+, frame=0
VFG000436__pefB Made VFG000436__pefB into gene. strand=+, frame=0
VFG000438__spvC Made VFG000438__spvC into gene. strand=+, frame=0
VFG000439__spvB Made VFG000439__spvB into gene. strand=+, frame=0
VFG000441__spvR Made VFG000441__spvR into gene. strand=+, frame=0
VFG000442__rck Made VFG000442__rck into gene. strand=+, frame=0
VFG000444__fimI Made VFG000444__fimI into gene. strand=+, frame=0
VFG000445__fimC Made VFG000445__fimC into gene. strand=+, frame=0
VFG000446__fimD Made VFG000446__fimD into gene. strand=+, frame=0
VFG000447__fimH Made VFG000447__fimH into gene. strand=+, frame=0
VFG000448__fimF Made VFG000448__fimF into gene. strand=+, frame=0
VFG000452__lpfE Made VFG000452__lpfE into gene. strand=+, frame=0
VFG000453__lpfD Made VFG000453__lpfD into gene. strand=+, frame=0
VFG000454__lpfC Made VFG000454__lpfC into gene. strand=+, frame=0
VFG000455__lpfB Made VFG000455__lpfB into gene. strand=+, frame=0
VFG000456__lpfA Made VFG000456__lpfA into gene. strand=+, frame=0
VFG000457__csgB Made VFG000457__csgB into gene. strand=+, frame=0
VFG000458__csgA Made VFG000458__csgA into gene. strand=+, frame=0
VFG000459__csgC Made VFG000459__csgC into gene. strand=+, frame=0
VFG000460__csgE Made VFG000460__csgE into gene. strand=+, frame=0
VFG000461__csgF Made VFG000461__csgF into gene. strand=+, frame=0
VFG000462__csgG Made VFG000462__csgG into gene. strand=+, frame=0
VFG000463__sodCI Made VFG000463__sodCI into gene. strand=+, frame=0
VFG000464__sopA Made VFG000464__sopA into gene. strand=+, frame=0
VFG000465__sopB_sigD Made VFG000465__sopB_sigD into gene. strand=+, frame=0
VFG000466__sopD Made VFG000466__sopD into gene. strand=+, frame=0
VFG000467__sopE2 Made VFG000467__sopE2 into gene. strand=+, frame=0
VFG000468__sspH2 Made VFG000468__sspH2 into gene. strand=+, frame=0
VFG000469__slrP Made VFG000469__slrP into gene. strand=+, frame=0
VFG000470__sifA Made VFG000470__sifA into gene. strand=+, frame=0
VFG000471__sseJ Made VFG000471__sseJ into gene. strand=+, frame=0
VFG000476__grvA Made VFG000476__grvA into gene. strand=+, frame=0
VFG000494__spiC_ssaB Made VFG000494__spiC_ssaB into gene. strand=+, frame=0
VFG000495__ssaC Made VFG000495__ssaC into gene. strand=+, frame=0
VFG000496__ssaD Made VFG000496__ssaD into gene. strand=+, frame=0
VFG000497__ssaE Made VFG000497__ssaE into gene. strand=+, frame=0
VFG000498__sseA Made VFG000498__sseA into gene. strand=+, frame=0
VFG000499__sseB Made VFG000499__sseB into gene. strand=+, frame=0
VFG000500__sscA Made VFG000500__sscA into gene. strand=+, frame=0
VFG000501__sseC Made VFG000501__sseC into gene. strand=+, frame=0
VFG000502__sseD Made VFG000502__sseD into gene. strand=+, frame=0
VFG000503__sseE Made VFG000503__sseE into gene. strand=+, frame=0
VFG000504__sscB Made VFG000504__sscB into gene. strand=+, frame=0
VFG000505__sseF Made VFG000505__sseF into gene. strand=+, frame=0
VFG000506__sseG Made VFG000506__sseG into gene. strand=+, frame=0
VFG000507__ssaG Made VFG000507__ssaG into gene. strand=+, frame=0
VFG000508__ssaH Made VFG000508__ssaH into gene. strand=+, frame=0
VFG000509__ssaI Made VFG000509__ssaI into gene. strand=+, frame=0
VFG000510__ssaJ Made VFG000510__ssaJ into gene. strand=+, frame=0
VFG000511__ssaK Made VFG000511__ssaK into gene. strand=+, frame=0
VFG000512__ssaL Made VFG000512__ssaL into gene. strand=+, frame=0
VFG000513__ssaM Made VFG000513__ssaM into gene. strand=+, frame=0
VFG000514__ssaV Made VFG000514__ssaV into gene. strand=+, frame=0
VFG000515__ssaN Made VFG000515__ssaN into gene. strand=+, frame=0
VFG000516__ssaO Made VFG000516__ssaO into gene. strand=+, frame=0
VFG000517__ssaP Made VFG000517__ssaP into gene. strand=+, frame=0
VFG000518__ssaQ Made VFG000518__ssaQ into gene. strand=+, frame=0
VFG000519__ssaR Made VFG000519__ssaR into gene. strand=+, frame=0
VFG000520__ssaS Made VFG000520__ssaS into gene. strand=+, frame=0
VFG000521__ssaT Made VFG000521__ssaT into gene. strand=+, frame=0
VFG000522__ssaU Made VFG000522__ssaU into gene. strand=+, frame=0
VFG000529__avrA Made VFG000529__avrA into gene. strand=+, frame=0
VFG000532__orgB Made VFG000532__orgB into gene. strand=+, frame=0
VFG000533__prgK Made VFG000533__prgK into gene. strand=+, frame=0
VFG000534__prgJ Made VFG000534__prgJ into gene. strand=+, frame=0
VFG000535__prgI Made VFG000535__prgI into gene. strand=+, frame=0
VFG000536__prgH Made VFG000536__prgH into gene. strand=+, frame=0
VFG000540__sptP Made VFG000540__sptP into gene. strand=+, frame=0
VFG000541__sicP Made VFG000541__sicP into gene. strand=+, frame=0
VFG000543__sipA_sspA Made VFG000543__sipA_sspA into gene. strand=+, frame=0
VFG000544__sipD Made VFG000544__sipD into gene. strand=+, frame=0
VFG000545__sipC_sspC Made VFG000545__sipC_sspC into gene. strand=+, frame=0
VFG000546__sipB_sspB Made VFG000546__sipB_sspB into gene. strand=+, frame=0
VFG000547__sicA Made VFG000547__sicA into gene. strand=+, frame=0
VFG000548__spaS Made VFG000548__spaS into gene. strand=+, frame=0
VFG000549__spaR Made VFG000549__spaR into gene. strand=+, frame=0
VFG000550__spaQ Made VFG000550__spaQ into gene. strand=+, frame=0
VFG000551__spaP Made VFG000551__spaP into gene. strand=+, frame=0
VFG000552__spaO Made VFG000552__spaO into gene. strand=+, frame=0
VFG000553__invJ Made VFG000553__invJ into gene. strand=+, frame=0
VFG000554__invI Made VFG000554__invI into gene. strand=+, frame=0
VFG000555__invC Made VFG000555__invC into gene. strand=+, frame=0
VFG000556__invB Made VFG000556__invB into gene. strand=+, frame=0
VFG000557__invA Made VFG000557__invA into gene. strand=+, frame=0
VFG000558__invE Made VFG000558__invE into gene. strand=+, frame=0
VFG000559__invG Made VFG000559__invG into gene. strand=+, frame=0
VFG000560__invF Made VFG000560__invF into gene. strand=+, frame=0
VFG000561__invH Made VFG000561__invH into gene. strand=+, frame=0
VFG000574__mgtB Made VFG000574__mgtB into gene. strand=+, frame=0
VFG000575__mgtC Made VFG000575__mgtC into gene. strand=+, frame=0
VFG000589__pipB Made VFG000589__pipB into gene. strand=+, frame=0
VFG000615__iucA Made VFG000615__iucA into gene. strand=+, frame=0
VFG000616__iucB Made VFG000616__iucB into gene. strand=+, frame=0
VFG000617__iucC Made VFG000617__iucC into gene. strand=+, frame=0
VFG000618__iucD Made VFG000618__iucD into gene. strand=+, frame=0
VFG000619__iutA Made VFG000619__iutA into gene. strand=+, frame=0
VFG000630__sigA Made VFG000630__sigA into gene. strand=+, frame=0
VFG000635__pic Made VFG000635__pic into gene. strand=+, frame=0
VFG000636__set1B Made VFG000636__set1B into gene. strand=+, frame=0
VFG000637__set1A Made VFG000637__set1A into gene. strand=+, frame=0
VFG000667__icsA_virG Made VFG000667__icsA_virG into gene. strand=+, frame=0
VFG000669__gtrA Made VFG000669__gtrA into gene. strand=+, frame=0
VFG000670__gtrB Made VFG000670__gtrB into gene. strand=+, frame=0
VFG000671__gtrII Made VFG000671__gtrII into gene. strand=+, frame=0
VFG000739__eae Made VFG000739__eae into gene. strand=+, frame=0
VFG000743__espD Made VFG000743__espD into gene. strand=+, frame=0
VFG000744__espB Made VFG000744__espB into gene. strand=+, frame=0
VFG000748__espF Made VFG000748__espF into gene. strand=+, frame=0
VFG000749__bfpA Made VFG000749__bfpA into gene. strand=+, frame=0
VFG000750__bfpG Made VFG000750__bfpG into gene. strand=+, frame=0
VFG000751__bfpB Made VFG000751__bfpB into gene. strand=+, frame=0
VFG000752__bfpC Made VFG000752__bfpC into gene. strand=+, frame=0
VFG000753__bfpU Made VFG000753__bfpU into gene. strand=+, frame=0
VFG000754__bfpD Made VFG000754__bfpD into gene. strand=+, frame=0
VFG000755__bfpE Made VFG000755__bfpE into gene. strand=+, frame=0
VFG000756__bfpF Made VFG000756__bfpF into gene. strand=+, frame=0
VFG000757__bfpP Made VFG000757__bfpP into gene. strand=+, frame=0
VFG000758__bfpH Made VFG000758__bfpH into gene. strand=+, frame=0
VFG000759__bfpI Made VFG000759__bfpI into gene. strand=+, frame=0
VFG000760__bfpJ Made VFG000760__bfpJ into gene. strand=+, frame=0
VFG000761__bfpK Made VFG000761__bfpK into gene. strand=+, frame=0
VFG000762__bfpL Made VFG000762__bfpL into gene. strand=+, frame=0
VFG000772__espC Made VFG000772__espC into gene. strand=+, frame=0
VFG000794__espF Made VFG000794__espF into gene. strand=+, frame=0
VFG000795__escG Made VFG000795__escG into gene. strand=+, frame=0
VFG000796__escF Made VFG000796__escF into gene. strand=+, frame=0
VFG000797__cesD2 Made VFG000797__cesD2 into gene. strand=+, frame=0
VFG000799__espD Made VFG000799__espD into gene. strand=+, frame=0
VFG000800__espA Made VFG000800__espA into gene. strand=+, frame=0
VFG000801__sepL Made VFG000801__sepL into gene. strand=+, frame=0
VFG000802__escD Made VFG000802__escD into gene. strand=+, frame=0
VFG000804__cesT Made VFG000804__cesT into gene. strand=+, frame=0
VFG000805__tir Made VFG000805__tir into gene. strand=+, frame=0
VFG000806__map Made VFG000806__map into gene. strand=+, frame=0
VFG000807__cesF Made VFG000807__cesF into gene. strand=+, frame=0
VFG000808__espH Made VFG000808__espH into gene. strand=+, frame=0
VFG000809__sepQ_escQ Made VFG000809__sepQ_escQ into gene. strand=+, frame=0
VFG000810__escP Made VFG000810__escP into gene. strand=+, frame=0
VFG000811__escO Made VFG000811__escO into gene. strand=+, frame=0
VFG000812__escN Made VFG000812__escN into gene. strand=+, frame=0
VFG000813__escV Made VFG000813__escV into gene. strand=+, frame=0
VFG000814__cesL Made VFG000814__cesL into gene. strand=+, frame=0
VFG000815__sepZ_espZ Made VFG000815__sepZ_espZ into gene. strand=+, frame=0
VFG000816__escI Made VFG000816__escI into gene. strand=+, frame=0
VFG000817__escJ Made VFG000817__escJ into gene. strand=+, frame=0
VFG000818__sepD Made VFG000818__sepD into gene. strand=+, frame=0
VFG000819__escC Made VFG000819__escC into gene. strand=+, frame=0
VFG000820__cesD Made VFG000820__cesD into gene. strand=+, frame=0
VFG000823__etgA Made VFG000823__etgA into gene. strand=+, frame=0
VFG000824__escU Made VFG000824__escU into gene. strand=+, frame=0
VFG000825__escT Made VFG000825__escT into gene. strand=+, frame=0
VFG000826__escS Made VFG000826__escS into gene. strand=+, frame=0
VFG000827__escR Made VFG000827__escR into gene. strand=+, frame=0
VFG000828__escL Made VFG000828__escL into gene. strand=+, frame=0
VFG000830__cesAB Made VFG000830__cesAB into gene. strand=+, frame=0
VFG000831__escE Made VFG000831__escE into gene. strand=+, frame=0
VFG000833__espG Made VFG000833__espG into gene. strand=+, frame=0
VFG000835__stx1A Made VFG000835__stx1A into gene. strand=+, frame=0
VFG000836__stx1B Made VFG000836__stx1B into gene. strand=+, frame=0
VFG000837__stx2A Made VFG000837__stx2A into gene. strand=+, frame=0
VFG000838__stx2B Made VFG000838__stx2B into gene. strand=+, frame=0
VFG000839__paa Made VFG000839__paa into gene. strand=+, frame=0
VFG000840__hlyA Made VFG000840__hlyA into gene. strand=+, frame=0
VFG000841__hlyB Made VFG000841__hlyB into gene. strand=+, frame=0
VFG000842__hlyC Made VFG000842__hlyC into gene. strand=+, frame=0
VFG000843__hlyD Made VFG000843__hlyD into gene. strand=+, frame=0
VFG000844__espP Made VFG000844__espP into gene. strand=+, frame=0
VFG000845__toxB Made VFG000845__toxB into gene. strand=+, frame=0
VFG000846__stcE Made VFG000846__stcE into gene. strand=+, frame=0
VFG000847__aggA Made VFG000847__aggA into gene. strand=+, frame=0
VFG000848__aggB Made VFG000848__aggB into gene. strand=+, frame=0
VFG000849__aggC Made VFG000849__aggC into gene. strand=+, frame=0
VFG000850__aggD Made VFG000850__aggD into gene. strand=+, frame=0
VFG000851__aafA Made VFG000851__aafA into gene. strand=+, frame=0
VFG000852__aafD Made VFG000852__aafD into gene. strand=+, frame=0
VFG000853__aafC Made VFG000853__aafC into gene. strand=+, frame=0
VFG000854__aafB Made VFG000854__aafB into gene. strand=+, frame=0
VFG000855__agg3A Made VFG000855__agg3A into gene. strand=+, frame=0
VFG000856__agg3B Made VFG000856__agg3B into gene. strand=+, frame=0
VFG000857__agg3C Made VFG000857__agg3C into gene. strand=+, frame=0
VFG000858__agg3D Made VFG000858__agg3D into gene. strand=+, frame=0
VFG000859__set1A Made VFG000859__set1A into gene. strand=+, frame=0
VFG000860__set1B Made VFG000860__set1B into gene. strand=+, frame=0
VFG000861__pic Made VFG000861__pic into gene. strand=+, frame=0
VFG000862__pet Made VFG000862__pet into gene. strand=+, frame=0
VFG000863__astA Made VFG000863__astA into gene. strand=+, frame=0
VFG000865__aap_aspU Made VFG000865__aap_aspU into gene. strand=+, frame=0
VFG000871__fimB Made VFG000871__fimB into gene. strand=+, frame=0
VFG000872__fimE Made VFG000872__fimE into gene. strand=+, frame=0
VFG000873__fimA Made VFG000873__fimA into gene. strand=+, frame=0
VFG000874__fimI Made VFG000874__fimI into gene. strand=+, frame=0
VFG000875__fimC Made VFG000875__fimC into gene. strand=+, frame=0
VFG000876__fimD Made VFG000876__fimD into gene. strand=+, frame=0
VFG000877__fimF Made VFG000877__fimF into gene. strand=+, frame=0
VFG000878__fimG Made VFG000878__fimG into gene. strand=+, frame=0
VFG000879__fimH Made VFG000879__fimH into gene. strand=+, frame=0
VFG000880__papB Made VFG000880__papB into gene. strand=+, frame=0
VFG000882__papA Made VFG000882__papA into gene. strand=+, frame=0
VFG000883__papH Made VFG000883__papH into gene. strand=+, frame=0
VFG000884__papC Made VFG000884__papC into gene. strand=+, frame=0
VFG000885__papD Made VFG000885__papD into gene. strand=+, frame=0
VFG000886__papJ Made VFG000886__papJ into gene. strand=+, frame=0
VFG000887__papK Made VFG000887__papK into gene. strand=+, frame=0
VFG000888__papE Made VFG000888__papE into gene. strand=+, frame=0
VFG000889__papF Made VFG000889__papF into gene. strand=+, frame=0
VFG000890__papG Made VFG000890__papG into gene. strand=+, frame=0
VFG000902__sat Made VFG000902__sat into gene. strand=+, frame=0
VFG000903__pic Made VFG000903__pic into gene. strand=+, frame=0
VFG000904__vat Made VFG000904__vat into gene. strand=+, frame=0
VFG000905__hlyC Made VFG000905__hlyC into gene. strand=+, frame=0
VFG000906__hlyA Made VFG000906__hlyA into gene. strand=+, frame=0
VFG000907__hlyB Made VFG000907__hlyB into gene. strand=+, frame=0
VFG000908__hlyD Made VFG000908__hlyD into gene. strand=+, frame=0
VFG000909__focA Made VFG000909__focA into gene. strand=+, frame=0
VFG000910__focI Made VFG000910__focI into gene. strand=+, frame=0
VFG000911__focC Made VFG000911__focC into gene. strand=+, frame=0
VFG000912__focD Made VFG000912__focD into gene. strand=+, frame=0
VFG000913__focF Made VFG000913__focF into gene. strand=+, frame=0
VFG000914__focG Made VFG000914__focG into gene. strand=+, frame=0
VFG000915__focH Made VFG000915__focH into gene. strand=+, frame=0
VFG000916__chuS Made VFG000916__chuS into gene. strand=+, frame=0
VFG000917__chuA Made VFG000917__chuA into gene. strand=+, frame=0
VFG000918__chuT Made VFG000918__chuT into gene. strand=+, frame=0
VFG000919__chuW Made VFG000919__chuW into gene. strand=+, frame=0
VFG000920__chuX Made VFG000920__chuX into gene. strand=+, frame=0
VFG000921__chuY Made VFG000921__chuY into gene. strand=+, frame=0
VFG000922__chuU Made VFG000922__chuU into gene. strand=+, frame=0
VFG000923__fepA Made VFG000923__fepA into gene. strand=+, frame=0
VFG000924__fepB Made VFG000924__fepB into gene. strand=+, frame=0
VFG000925__fepC Made VFG000925__fepC into gene. strand=+, frame=0
VFG000926__fepD Made VFG000926__fepD into gene. strand=+, frame=0
VFG000928__fepG Made VFG000928__fepG into gene. strand=+, frame=0
VFG000929__entD Made VFG000929__entD into gene. strand=+, frame=0
VFG000930__entF Made VFG000930__entF into gene. strand=+, frame=0
VFG000931__entC Made VFG000931__entC into gene. strand=+, frame=0
VFG000932__entE Made VFG000932__entE into gene. strand=+, frame=0
VFG000933__entB Made VFG000933__entB into gene. strand=+, frame=0
VFG000934__entA Made VFG000934__entA into gene. strand=+, frame=0
VFG000935__iroN Made VFG000935__iroN into gene. strand=+, frame=0
VFG000936__iutA Made VFG000936__iutA into gene. strand=+, frame=0
VFG000937__iucD Made VFG000937__iucD into gene. strand=+, frame=0
VFG000938__iucC Made VFG000938__iucC into gene. strand=+, frame=0
VFG000939__iucB Made VFG000939__iucB into gene. strand=+, frame=0
VFG000940__iucA Made VFG000940__iucA into gene. strand=+, frame=0
VFG000942__draA Made VFG000942__draA into gene. strand=+, frame=0
VFG000943__draB Made VFG000943__draB into gene. strand=+, frame=0
VFG000944__draC Made VFG000944__draC into gene. strand=+, frame=0
VFG000945__draD Made VFG000945__draD into gene. strand=+, frame=0
VFG000946__draP Made VFG000946__draP into gene. strand=+, frame=0
VFG000984__ipaA Made VFG000984__ipaA into gene. strand=+, frame=0
VFG000985__ipaD Made VFG000985__ipaD into gene. strand=+, frame=0
VFG000986__ipaC Made VFG000986__ipaC into gene. strand=+, frame=0
VFG000987__ipaB Made VFG000987__ipaB into gene. strand=+, frame=0
VFG000988__ipgC Made VFG000988__ipgC into gene. strand=+, frame=0
VFG000989__ipgB1 Made VFG000989__ipgB1 into gene. strand=+, frame=0
VFG000990__ipgA Made VFG000990__ipgA into gene. strand=+, frame=0
VFG000991__icsB Made VFG000991__icsB into gene. strand=+, frame=0
VFG000992__ipgD Made VFG000992__ipgD into gene. strand=+, frame=0
VFG000993__ipgE Made VFG000993__ipgE into gene. strand=+, frame=0
VFG000994__ipgF Made VFG000994__ipgF into gene. strand=+, frame=0
VFG000995__mxiG Made VFG000995__mxiG into gene. strand=+, frame=0
VFG000996__mxiH Made VFG000996__mxiH into gene. strand=+, frame=0
VFG000997__mxiI Made VFG000997__mxiI into gene. strand=+, frame=0
VFG000998__mxiJ Made VFG000998__mxiJ into gene. strand=+, frame=0
VFG000999__mxiK Made VFG000999__mxiK into gene. strand=+, frame=0
VFG001000__mxiN Made VFG001000__mxiN into gene. strand=+, frame=0
VFG001001__mxiL Made VFG001001__mxiL into gene. strand=+, frame=0
VFG001002__mxiM Made VFG001002__mxiM into gene. strand=+, frame=0
VFG001003__mxiE Made VFG001003__mxiE into gene. strand=+, frame=0
VFG001004__mxiD Made VFG001004__mxiD into gene. strand=+, frame=0
VFG001005__mxiC Made VFG001005__mxiC into gene. strand=+, frame=0
VFG001006__mxiA Made VFG001006__mxiA into gene. strand=+, frame=0
VFG001007__spa15 Made VFG001007__spa15 into gene. strand=+, frame=0
VFG001008__spa47 Made VFG001008__spa47 into gene. strand=+, frame=0
VFG001009__spa13 Made VFG001009__spa13 into gene. strand=+, frame=0
VFG001010__spa32 Made VFG001010__spa32 into gene. strand=+, frame=0
VFG001011__spa33 Made VFG001011__spa33 into gene. strand=+, frame=0
VFG001012__spa24 Made VFG001012__spa24 into gene. strand=+, frame=0
VFG001013__spa9 Made VFG001013__spa9 into gene. strand=+, frame=0
VFG001014__spa29 Made VFG001014__spa29 into gene. strand=+, frame=0
VFG001015__spa40 Made VFG001015__spa40 into gene. strand=+, frame=0
VFG001016__virA Made VFG001016__virA into gene. strand=+, frame=0
VFG001017__icsP_sopA Made VFG001017__icsP_sopA into gene. strand=+, frame=0
VFG001424__draE2 Made VFG001424__draE2 into gene. strand=+, frame=0
VFG001425__afaE_III Made VFG001425__afaE_III into gene. strand=+, frame=0
VFG001426__afaE_I Made VFG001426__afaE_I into gene. strand=+, frame=0
VFG001427__daaE Made VFG001427__daaE into gene. strand=+, frame=0
VFG001428__draE Made VFG001428__draE into gene. strand=+, frame=0
VFG001429__cooA Made VFG001429__cooA into gene. strand=+, frame=0
VFG001430__cs3 Made VFG001430__cs3 into gene. strand=+, frame=0
VFG001431__csfA Made VFG001431__csfA into gene. strand=+, frame=0
VFG001432__cssA Made VFG001432__cssA into gene. strand=+, frame=0
VFG001433__csvA Made VFG001433__csvA into gene. strand=+, frame=0
VFG001434__cswA Made VFG001434__cswA into gene. strand=+, frame=0
VFG001435__cfaB Made VFG001435__cfaB into gene. strand=+, frame=0
VFG001436__cofA Made VFG001436__cofA into gene. strand=+, frame=0
VFG001437__cseA Made VFG001437__cseA into gene. strand=+, frame=0
VFG001438__csbA Made VFG001438__csbA into gene. strand=+, frame=0
VFG001439__csnA Made VFG001439__csnA into gene. strand=+, frame=0
VFG001442__ibeA Made VFG001442__ibeA into gene. strand=+, frame=0
VFG001443__ompA Made VFG001443__ompA into gene. strand=+, frame=0
VFG001444__aslA Made VFG001444__aslA into gene. strand=+, frame=0
VFG001446__sfaA Made VFG001446__sfaA into gene. strand=+, frame=0
VFG001447__cnf1 Made VFG001447__cnf1 into gene. strand=+, frame=0
VFG001448__kpsD Made VFG001448__kpsD into gene. strand=+, frame=0
VFG001449__kpsT Made VFG001449__kpsT into gene. strand=+, frame=0
VFG001450__kpsM Made VFG001450__kpsM into gene. strand=+, frame=0
VFG001534__efa1 Made VFG001534__efa1 into gene. strand=+, frame=0
VFG001713__papX Made VFG001713__papX into gene. strand=+, frame=0
VFG001827__senB Made VFG001827__senB into gene. strand=+, frame=0
VFG001828__stxA Made VFG001828__stxA into gene. strand=+, frame=0
VFG001829__stxB Made VFG001829__stxB into gene. strand=+, frame=0
VFG002037__eltA Made VFG002037__eltA into gene. strand=+, frame=0
VFG002038__eltB Made VFG002038__eltB into gene. strand=+, frame=0
VFG002039__estIa Made VFG002039__estIa into gene. strand=+, frame=0
VFG002041__ipaH7.8 Made VFG002041__ipaH7.8 into gene. strand=+, frame=0
VFG002042__ipaH9.8 Made VFG002042__ipaH9.8 into gene. strand=+, frame=0
VFG002043__ospG Made VFG002043__ospG into gene. strand=+, frame=0
VFG002046__gspC Made VFG002046__gspC into gene. strand=+, frame=0
VFG002047__gspD Made VFG002047__gspD into gene. strand=+, frame=0
VFG002048__gspE Made VFG002048__gspE into gene. strand=+, frame=0
VFG002049__gspF Made VFG002049__gspF into gene. strand=+, frame=0
VFG002050__gspG Made VFG002050__gspG into gene. strand=+, frame=0
VFG002051__gspH Made VFG002051__gspH into gene. strand=+, frame=0
VFG002052__gspI Made VFG002052__gspI into gene. strand=+, frame=0
VFG002053__gspJ Made VFG002053__gspJ into gene. strand=+, frame=0
VFG002054__gspK Made VFG002054__gspK into gene. strand=+, frame=0
VFG002055__gspL Made VFG002055__gspL into gene. strand=+, frame=0
VFG002056__gspM Made VFG002056__gspM into gene. strand=+, frame=0
VFG002121__nleA_espI Made VFG002121__nleA_espI into gene. strand=+, frame=0
VFG002122__nleC Made VFG002122__nleC into gene. strand=+, frame=0
VFG002123__nleD Made VFG002123__nleD into gene. strand=+, frame=0
VFG002155__ystA Made VFG002155__ystA into gene. strand=+, frame=0
VFG002156__ystB Made VFG002156__ystB into gene. strand=+, frame=0
VFG002302__mig_14 Made VFG002302__mig_14 into gene. strand=+, frame=0
VFG002304__misL Made VFG002304__misL into gene. strand=+, frame=0
VFG002305__shdA Made VFG002305__shdA into gene. strand=+, frame=0
VFG002306__ratB Made VFG002306__ratB into gene. strand=+, frame=0
VFG002307__sinH Made VFG002307__sinH into gene. strand=+, frame=0
VFG002308__pilL Made VFG002308__pilL into gene. strand=+, frame=0
VFG002309__pilM Made VFG002309__pilM into gene. strand=+, frame=0
VFG002310__pilN Made VFG002310__pilN into gene. strand=+, frame=0
VFG002311__pilO Made VFG002311__pilO into gene. strand=+, frame=0
VFG002312__pilP Made VFG002312__pilP into gene. strand=+, frame=0
VFG002313__pilQ Made VFG002313__pilQ into gene. strand=+, frame=0
VFG002314__pilR Made VFG002314__pilR into gene. strand=+, frame=0
VFG002315__pilS Made VFG002315__pilS into gene. strand=+, frame=0
VFG002316__pilU Made VFG002316__pilU into gene. strand=+, frame=0
VFG002317__pilV Made VFG002317__pilV into gene. strand=+, frame=0
VFG002318__fliZ Made VFG002318__fliZ into gene. strand=+, frame=0
VFG002319__fliA Made VFG002319__fliA into gene. strand=+, frame=0
VFG002320__fliB Made VFG002320__fliB into gene. strand=+, frame=0
VFG002321__fliC Made VFG002321__fliC into gene. strand=+, frame=0
VFG002322__fliC Made VFG002322__fliC into gene. strand=+, frame=0
VFG002323__fliC Made VFG002323__fliC into gene. strand=+, frame=0
VFG002324__fliD Made VFG002324__fliD into gene. strand=+, frame=0
VFG002325__fliS Made VFG002325__fliS into gene. strand=+, frame=0
VFG002326__fliT Made VFG002326__fliT into gene. strand=+, frame=0
VFG002327__fliE Made VFG002327__fliE into gene. strand=+, frame=0
VFG002328__fliF Made VFG002328__fliF into gene. strand=+, frame=0
VFG002329__fliG Made VFG002329__fliG into gene. strand=+, frame=0
VFG002330__fliH Made VFG002330__fliH into gene. strand=+, frame=0
VFG002331__fliI Made VFG002331__fliI into gene. strand=+, frame=0
VFG002332__fliJ Made VFG002332__fliJ into gene. strand=+, frame=0
VFG002333__fliK Made VFG002333__fliK into gene. strand=+, frame=0
VFG002334__fliL Made VFG002334__fliL into gene. strand=+, frame=0
VFG002335__fliM Made VFG002335__fliM into gene. strand=+, frame=0
VFG002336__fliN Made VFG002336__fliN into gene. strand=+, frame=0
VFG002337__fliO Made VFG002337__fliO into gene. strand=+, frame=0
VFG002338__fliP Made VFG002338__fliP into gene. strand=+, frame=0
VFG002339__fliQ Made VFG002339__fliQ into gene. strand=+, frame=0
VFG002340__fliR Made VFG002340__fliR into gene. strand=+, frame=0
VFG002341__flgL Made VFG002341__flgL into gene. strand=+, frame=0
VFG002342__flgK Made VFG002342__flgK into gene. strand=+, frame=0
VFG002343__flgJ Made VFG002343__flgJ into gene. strand=+, frame=0
VFG002344__flgI Made VFG002344__flgI into gene. strand=+, frame=0
VFG002345__flgH Made VFG002345__flgH into gene. strand=+, frame=0
VFG002346__flgG Made VFG002346__flgG into gene. strand=+, frame=0
VFG002347__flgF Made VFG002347__flgF into gene. strand=+, frame=0
VFG002348__flgE Made VFG002348__flgE into gene. strand=+, frame=0
VFG002349__flgD Made VFG002349__flgD into gene. strand=+, frame=0
VFG002350__flgC Made VFG002350__flgC into gene. strand=+, frame=0
VFG002351__flgB Made VFG002351__flgB into gene. strand=+, frame=0
VFG002352__flgA Made VFG002352__flgA into gene. strand=+, frame=0
VFG002353__flgM Made VFG002353__flgM into gene. strand=+, frame=0
VFG002354__flgN Made VFG002354__flgN into gene. strand=+, frame=0
VFG002355__flhE Made VFG002355__flhE into gene. strand=+, frame=0
VFG002356__flhA Made VFG002356__flhA into gene. strand=+, frame=0
VFG002357__flhB Made VFG002357__flhB into gene. strand=+, frame=0
VFG002358__flhC Made VFG002358__flhC into gene. strand=+, frame=0
VFG002359__flhD Made VFG002359__flhD into gene. strand=+, frame=0
VFG002360__wzz Made VFG002360__wzz into gene. strand=+, frame=0
VFG002361__galE Made VFG002361__galE into gene. strand=+, frame=0
VFG002362__manB Made VFG002362__manB into gene. strand=+, frame=0
VFG002363__manC Made VFG002363__manC into gene. strand=+, frame=0
VFG002364__fcl Made VFG002364__fcl into gene. strand=+, frame=0
VFG002365__gmd Made VFG002365__gmd into gene. strand=+, frame=0
VFG002366__rfpB Made VFG002366__rfpB into gene. strand=+, frame=0
VFG002367__wbcH Made VFG002367__wbcH into gene. strand=+, frame=0
VFG002368__wbcG Made VFG002368__wbcG into gene. strand=+, frame=0
VFG002369__wbcF Made VFG002369__wbcF into gene. strand=+, frame=0
VFG002370__wzy Made VFG002370__wzy into gene. strand=+, frame=0
VFG002371__wbcD Made VFG002371__wbcD into gene. strand=+, frame=0
VFG002372__wzx Made VFG002372__wzx into gene. strand=+, frame=0
VFG002373__wbcC Made VFG002373__wbcC into gene. strand=+, frame=0
VFG002374__prt Made VFG002374__prt into gene. strand=+, frame=0
VFG002375__wbcA Made VFG002375__wbcA into gene. strand=+, frame=0
VFG002376__ddhB Made VFG002376__ddhB into gene. strand=+, frame=0
VFG002377__ddhA Made VFG002377__ddhA into gene. strand=+, frame=0
VFG002412__yagY_ecpB Made VFG002412__yagY_ecpB into gene. strand=+, frame=0
VFG002413__ykgK_ecpR Made VFG002413__ykgK_ecpR into gene. strand=+, frame=0
VFG002414__yagZ_ecpA Made VFG002414__yagZ_ecpA into gene. strand=+, frame=0
VFG002415__yagX_ecpC Made VFG002415__yagX_ecpC into gene. strand=+, frame=0
VFG002416__yagW_ecpD Made VFG002416__yagW_ecpD into gene. strand=+, frame=0
VFG002417__yagV_ecpE Made VFG002417__yagV_ecpE into gene. strand=+, frame=0
VFG003635__orgC Made VFG003635__orgC into gene. strand=+, frame=0
VFG003645__orgA Made VFG003645__orgA into gene. strand=+, frame=0
VFG003971__sseI_srfH Made VFG003971__sseI_srfH into gene. strand=+, frame=0
VFG003977__sseL Made VFG003977__sseL into gene. strand=+, frame=0
VFG003982__sseK2 Made VFG003982__sseK2 into gene. strand=+, frame=0
VFG003988__sifB Made VFG003988__sifB into gene. strand=+, frame=0
VFG003997__pipB2 Made VFG003997__pipB2 into gene. strand=+, frame=0
VFG004006__gogB Made VFG004006__gogB into gene. strand=+, frame=0
VFG004016__sseK1 Made VFG004016__sseK1 into gene. strand=+, frame=0
VFG004125__csgD Made VFG004125__csgD into gene. strand=+, frame=0
VFG012327__sfaC Made VFG012327__sfaC into gene. strand=+, frame=0
VFG012329__sfaB Made VFG012329__sfaB into gene. strand=+, frame=0
VFG012333__sfaD Made VFG012333__sfaD into gene. strand=+, frame=0
VFG012335__sfaE Made VFG012335__sfaE into gene. strand=+, frame=0
VFG012337__sfaF Made VFG012337__sfaF into gene. strand=+, frame=0
VFG012339__sfaG Made VFG012339__sfaG into gene. strand=+, frame=0
VFG012341__sfaS Made VFG012341__sfaS into gene. strand=+, frame=0
VFG012343__sfaH Made VFG012343__sfaH into gene. strand=+, frame=0
VFG012362__espB Made VFG012362__espB into gene. strand=+, frame=0
VFG012436__espFu_tccP Made VFG012436__espFu_tccP into gene. strand=+, frame=0
VFG012438__ADP Made VFG012438__ADP into gene. strand=+, frame=0
VFG012501__iroE Made VFG012501__iroE into gene. strand=+, frame=0
VFG012505__iroD Made VFG012505__iroD into gene. strand=+, frame=0
VFG012509__iroC Made VFG012509__iroC into gene. strand=+, frame=0
VFG012513__iroB Made VFG012513__iroB into gene. strand=+, frame=0
VFG012760__ipgB2 Made VFG012760__ipgB2 into gene. strand=+, frame=0
VFG012773__ospC2 Made VFG012773__ospC2 into gene. strand=+, frame=0
VFG012778__ospC3 Made VFG012778__ospC3 into gene. strand=+, frame=0
VFG012783__ospC4 Made VFG012783__ospC4 into gene. strand=+, frame=0
VFG012788__ospD1 Made VFG012788__ospD1 into gene. strand=+, frame=0
VFG012793__ospD2 Made VFG012793__ospD2 into gene. strand=+, frame=0
VFG012802__ospB Made VFG012802__ospB into gene. strand=+, frame=0
VFG012807__ospC1 Made VFG012807__ospC1 into gene. strand=+, frame=0
VFG012812__ospF Made VFG012812__ospF into gene. strand=+, frame=0
VFG012817__ospD3_senA Made VFG012817__ospD3_senA into gene. strand=+, frame=0
VFG012822__ospE1 Made VFG012822__ospE1 into gene. strand=+, frame=0
VFG012825__ospE2 Made VFG012825__ospE2 into gene. strand=+, frame=0
VFG012833__ipaH1.4 Made VFG012833__ipaH1.4 into gene. strand=+, frame=0
VFG012838__ipaH2.5 Made VFG012838__ipaH2.5 into gene. strand=+, frame=0
VFG012841__ipaH4.5 Made VFG012841__ipaH4.5 into gene. strand=+, frame=0
VFG013063__shuS Made VFG013063__shuS into gene. strand=+, frame=0
VFG013064__shuA Made VFG013064__shuA into gene. strand=+, frame=0
VFG013065__shuT Made VFG013065__shuT into gene. strand=+, frame=0
VFG013067__shuX Made VFG013067__shuX into gene. strand=+, frame=0
VFG013068__shuY Made VFG013068__shuY into gene. strand=+, frame=0
VFG013069__shuU Made VFG013069__shuU into gene. strand=+, frame=0
VFG013070__shuV Made VFG013070__shuV into gene. strand=+, frame=0
VFG017856__pilW Made VFG017856__pilW into gene. strand=+, frame=0
VFG020318__cdtB Made VFG020318__cdtB into gene. strand=+, frame=0
VFG033805__nleD Made VFG033805__nleD into gene. strand=+, frame=0
VFG034541__etpA Made VFG034541__etpA into gene. strand=+, frame=0
VFG034746__espK Made VFG034746__espK into gene. strand=+, frame=0
VFG034754__espL1 Made VFG034754__espL1 into gene. strand=+, frame=0
VFG034761__espL2 Made VFG034761__espL2 into gene. strand=+, frame=0
VFG034772__espL4 Made VFG034772__espL4 into gene. strand=+, frame=0
VFG034778__espM1 Made VFG034778__espM1 into gene. strand=+, frame=0
VFG034786__espM2 Made VFG034786__espM2 into gene. strand=+, frame=0
VFG034795__espN Made VFG034795__espN into gene. strand=+, frame=0
VFG034815__espR1 Made VFG034815__espR1 into gene. strand=+, frame=0
VFG034825__espR3 Made VFG034825__espR3 into gene. strand=+, frame=0
VFG034831__espR4 Made VFG034831__espR4 into gene. strand=+, frame=0
VFG034840__espW Made VFG034840__espW into gene. strand=+, frame=0
VFG034849__espX1 Made VFG034849__espX1 into gene. strand=+, frame=0
VFG034859__espX2 Made VFG034859__espX2 into gene. strand=+, frame=0
VFG034866__espX4 Made VFG034866__espX4 into gene. strand=+, frame=0
VFG034873__espX5 Made VFG034873__espX5 into gene. strand=+, frame=0
VFG034880__espX6 Made VFG034880__espX6 into gene. strand=+, frame=0
VFG034887__espX7_nleL Made VFG034887__espX7_nleL into gene. strand=+, frame=0
VFG034895__espY1 Made VFG034895__espY1 into gene. strand=+, frame=0
VFG034901__espY2 Made VFG034901__espY2 into gene. strand=+, frame=0
VFG034908__espY3 Made VFG034908__espY3 into gene. strand=+, frame=0
VFG034915__espY4 Made VFG034915__espY4 into gene. strand=+, frame=0
VFG034932__nleB1 Made VFG034932__nleB1 into gene. strand=+, frame=0
VFG034942__nleB2 Made VFG034942__nleB2 into gene. strand=+, frame=0
VFG034954__nleE Made VFG034954__nleE into gene. strand=+, frame=0
VFG034966__nleF Made VFG034966__nleF into gene. strand=+, frame=0
VFG035043__nleG7_ Made VFG035043__nleG7_ into gene. strand=+, frame=0
VFG035062__nleH1 Made VFG035062__nleH1 into gene. strand=+, frame=0
VFG035073__nleH2 Made VFG035073__nleH2 into gene. strand=+, frame=0
VFG041905__ipaJ Made VFG041905__ipaJ into gene. strand=+, frame=0
VFG042066__steC Made VFG042066__steC into gene. strand=+, frame=0
VFG042067__steA Made VFG042067__steA into gene. strand=+, frame=0
VFG042068__sopD2 Made VFG042068__sopD2 into gene. strand=+, frame=0
VFG042214__steB Made VFG042214__steB into gene. strand=+, frame=0
VFG042216__sspH1 Made VFG042216__sspH1 into gene. strand=+, frame=0
VFG042218__cif Made VFG042218__cif into gene. strand=+, frame=0
VFG042311__yapC Made VFG042311__yapC into gene. strand=+, frame=0
VFG042312__yapE Made VFG042312__yapE into gene. strand=+, frame=0
VFG042325__ospI Made VFG042325__ospI into gene. strand=+, frame=0
VFG042382__etpB Made VFG042382__etpB into gene. strand=+, frame=0
VFG042389__sfaY Made VFG042389__sfaY into gene. strand=+, frame=0
VFG042390__sfaX Made VFG042390__sfaX into gene. strand=+, frame=0
VFG042423__afaA Made VFG042423__afaA into gene. strand=+, frame=0
VFG042424__afaB_I Made VFG042424__afaB_I into gene. strand=+, frame=0
VFG042425__afaC_I Made VFG042425__afaC_I into gene. strand=+, frame=0
VFG042426__afaD Made VFG042426__afaD into gene. strand=+, frame=0
VFG042428__afaE_II Made VFG042428__afaE_II into gene. strand=+, frame=0
VFG042429__afaF_III Made VFG042429__afaF_III into gene. strand=+, frame=0
VFG042432__afaC_III Made VFG042432__afaC_III into gene. strand=+, frame=0
VFG042435__afaE_V Made VFG042435__afaE_V into gene. strand=+, frame=0
VFG042436__afaC_VII Made VFG042436__afaC_VII into gene. strand=+, frame=0
VFG042437__afaD_VII Made VFG042437__afaD_VII into gene. strand=+, frame=0
VFG042438__afaG_VII Made VFG042438__afaG_VII into gene. strand=+, frame=0
VFG042439__afaE_VII Made VFG042439__afaE_VII into gene. strand=+, frame=0
VFG042440__afaF_VII Made VFG042440__afaF_VII into gene. strand=+, frame=0
VFG042441__afaA_VIII Made VFG042441__afaA_VIII into gene. strand=+, frame=0
VFG042442__afaB_VIII Made VFG042442__afaB_VIII into gene. strand=+, frame=0
VFG042443__afaC_VIII Made VFG042443__afaC_VIII into gene. strand=+, frame=0
VFG042444__afaD_VIII Made VFG042444__afaD_VIII into gene. strand=+, frame=0
VFG042445__afaE_VIII Made VFG042445__afaE_VIII into gene. strand=+, frame=0
VFG042447__daaF Made VFG042447__daaF into gene. strand=+, frame=0
VFG042448__daaA Made VFG042448__daaA into gene. strand=+, frame=0
VFG042450__daaD Made VFG042450__daaD into gene. strand=+, frame=0
VFG042455__cfaA Made VFG042455__cfaA into gene. strand=+, frame=0
VFG042457__cfaC Made VFG042457__cfaC into gene. strand=+, frame=0
VFG042458__cfaE Made VFG042458__cfaE into gene. strand=+, frame=0
VFG042459__cfaD_ Made VFG042459__cfaD_ into gene. strand=+, frame=0
VFG042471__csaA Made VFG042471__csaA into gene. strand=+, frame=0
VFG042472__csaB Made VFG042472__csaB into gene. strand=+, frame=0
VFG042473__csaC Made VFG042473__csaC into gene. strand=+, frame=0
VFG042474__csaE Made VFG042474__csaE into gene. strand=+, frame=0
VFG042506__csbB Made VFG042506__csbB into gene. strand=+, frame=0
VFG042508__csbC Made VFG042508__csbC into gene. strand=+, frame=0
VFG042509__csbD Made VFG042509__csbD into gene. strand=+, frame=0
VFG042519__csdB Made VFG042519__csdB into gene. strand=+, frame=0
VFG042520__csdA Made VFG042520__csdA into gene. strand=+, frame=0
VFG042521__csdC Made VFG042521__csdC into gene. strand=+, frame=0
VFG042522__csdD Made VFG042522__csdD into gene. strand=+, frame=0
VFG042535__f17d_A Made VFG042535__f17d_A into gene. strand=+, frame=0
VFG042536__f17d_D Made VFG042536__f17d_D into gene. strand=+, frame=0
VFG042537__f17d_C Made VFG042537__f17d_C into gene. strand=+, frame=0
VFG042538__f17d_G Made VFG042538__f17d_G into gene. strand=+, frame=0
VFG042552__faeD Made VFG042552__faeD into gene. strand=+, frame=0
VFG042553__faeE Made VFG042553__faeE into gene. strand=+, frame=0
VFG042554__faeF Made VFG042554__faeF into gene. strand=+, frame=0
VFG042555__faeG Made VFG042555__faeG into gene. strand=+, frame=0
VFG042556__faeH Made VFG042556__faeH into gene. strand=+, frame=0
VFG042557__faeI Made VFG042557__faeI into gene. strand=+, frame=0
VFG042558__faeJ Made VFG042558__faeJ into gene. strand=+, frame=0
VFG042559__faeC Made VFG042559__faeC into gene. strand=+, frame=0
VFG043205__cheZ Made VFG043205__cheZ into gene. strand=+, frame=0
VFG043206__cheY Made VFG043206__cheY into gene. strand=+, frame=0
VFG043207__cheB Made VFG043207__cheB into gene. strand=+, frame=0
VFG043208__cheR Made VFG043208__cheR into gene. strand=+, frame=0
VFG043209__cheD Made VFG043209__cheD into gene. strand=+, frame=0
VFG043210__cheW Made VFG043210__cheW into gene. strand=+, frame=0
VFG043211__cheA Made VFG043211__cheA into gene. strand=+, frame=0
VFG043212__motB Made VFG043212__motB into gene. strand=+, frame=0
VFG043213__motA Made VFG043213__motA into gene. strand=+, frame=0
VFG043732__cdtA Made VFG043732__cdtA into gene. strand=+, frame=0
VFG043733__cdtB Made VFG043733__cdtB into gene. strand=+, frame=0
VFG043734__cdtC Made VFG043734__cdtC into gene. strand=+, frame=0
VFG044159__fes Made VFG044159__fes into gene. strand=+, frame=0
VFG044165__entS Made VFG044165__entS into gene. strand=+, frame=0
VFG044172__chuV Made VFG044172__chuV into gene. strand=+, frame=0
VFG045328__east1 Made VFG045328__east1 into gene. strand=+, frame=0
VFG045339__nleA Made VFG045339__nleA into gene. strand=+, frame=0
VFG045342__yapK Made VFG045342__yapK into gene. strand=+, frame=0
VFG045343__yapJ Made VFG045343__yapJ into gene. strand=+, frame=0
VFG045344__yapV Made VFG045344__yapV into gene. strand=+, frame=0
VFG045347__yaxA Made VFG045347__yaxA into gene. strand=+, frame=0
VFG045348__yaxB Made VFG045348__yaxB into gene. strand=+, frame=0
VFG045349__fdeC Made VFG045349__fdeC into gene. strand=+, frame=0
VFG045464__tcpC Made VFG045464__tcpC into gene. strand=+, frame=0
